\BOOKMARK [0][-]{chapter.1}{\376\377\0001\000\040\000T\000O\000S\000C\000A}{}% 1
\BOOKMARK [1][-]{section.1.1}{\376\377\0001\000.\0001\000\040\000R\000e\000c\000e\000n\000t\000\040\000H\000i\000g\000h\000l\000i\000g\000h\000t\000s\000/\000A\000d\000d\000i\000t\000i\000o\000n\000s}{chapter.1}% 2
\BOOKMARK [1][-]{section.1.2}{\376\377\0001\000.\0002\000\040\000E\000x\000e\000c\000u\000t\000a\000b\000l\000e\000s}{chapter.1}% 3
\BOOKMARK [1][-]{section.1.3}{\376\377\0001\000.\0003\000\040\000B\000o\000u\000n\000d\000a\000r\000y\000\040\000C\000o\000n\000d\000i\000t\000i\000o\000n\000s}{chapter.1}% 4
\BOOKMARK [1][-]{section.1.4}{\376\377\0001\000.\0004\000\040\000W\000a\000l\000l\000\040\000M\000o\000d\000e\000l\000s}{chapter.1}% 5
\BOOKMARK [1][-]{section.1.5}{\376\377\0001\000.\0005\000\040\000T\000u\000r\000b\000u\000l\000e\000n\000c\000e\000\040\000M\000o\000d\000e\000l\000s}{chapter.1}% 6
\BOOKMARK [1][-]{section.1.6}{\376\377\0001\000.\0006\000\040\000T\000u\000r\000b\000i\000n\000e\000\040\000M\000o\000d\000e\000l\000s}{chapter.1}% 7
\BOOKMARK [1][-]{section.1.7}{\376\377\0001\000.\0007\000\040\000I\000B\000M\000\040\000M\000e\000t\000h\000o\000d}{chapter.1}% 8
\BOOKMARK [1][-]{section.1.8}{\376\377\0001\000.\0008\000\040\000A\000c\000q\000u\000i\000s\000i\000t\000i\000o\000n\000\040\000S\000y\000s\000t\000e\000m}{chapter.1}% 9
\BOOKMARK [1][-]{section.1.9}{\376\377\0001\000.\0009\000\040\000F\000u\000t\000u\000r\000e\000\040\000I\000m\000p\000l\000e\000m\000e\000n\000t\000a\000t\000i\000o\000n\000s\000:}{chapter.1}% 10
\BOOKMARK [1][-]{section.1.10}{\376\377\0001\000.\0001\0000\000\040\000N\000o\000t\000e\000s\000:}{chapter.1}% 11
\BOOKMARK [1][-]{section.1.11}{\376\377\0001\000.\0001\0001\000\040\000I\000n\000s\000t\000a\000l\000l\000a\000t\000i\000o\000n\000:}{chapter.1}% 12
\BOOKMARK [1][-]{section.1.12}{\376\377\0001\000.\0001\0002\000\040\000C\000o\000n\000t\000r\000i\000b\000u\000t\000e\000\040\000t\000o\000\040\000t\000h\000e\000\040\000T\000O\000S\000C\000A\000\040\000P\000r\000o\000j\000e\000c\000t}{chapter.1}% 13
\BOOKMARK [1][-]{section.1.13}{\376\377\0001\000.\0001\0003\000\040\000P\000a\000r\000a\000v\000i\000e\000w\000-\000C\000a\000t\000a\000l\000y\000s\000t\0002\000\040\000O\000S\000-\000R\000e\000n\000d\000e\000r\000i\000n\000g}{chapter.1}% 14
\BOOKMARK [1][-]{section.1.14}{\376\377\0001\000.\0001\0004\000\040\000U\000s\000a\000g\000e}{chapter.1}% 15
\BOOKMARK [1][-]{section.1.15}{\376\377\0001\000.\0001\0005\000\040\000W\000h\000a\000t\000\040\000d\000o\000e\000s\000\040\000i\000t\000\040\000d\000o}{chapter.1}% 16
\BOOKMARK [1][-]{section.1.16}{\376\377\0001\000.\0001\0006\000\040\000I\000n\000s\000t\000a\000l\000l\000a\000t\000i\000o\000n\000:}{chapter.1}% 17
\BOOKMARK [1][-]{section.1.17}{\376\377\0001\000.\0001\0007\000\040\0001\000.\000\040\000i\000n\000s\000t\000a\000l\000l\000\040\000C\000a\000t\000a\000l\000y\000s\000t\0002}{chapter.1}% 18
\BOOKMARK [1][-]{section.1.18}{\376\377\0001\000.\0001\0008\000\040\0002\000.\000\040\000i\000n\000s\000t\000a\000l\000l\000\040\000P\000a\000r\000a\000v\000i\000e\000w\000-\0005\000.\0001\0001}{chapter.1}% 19
\BOOKMARK [1][-]{section.1.19}{\376\377\0001\000.\0001\0009\000\040\0003\000.\000\040\000R\000e\000-\000c\000o\000m\000p\000i\000l\000e\000\040\000T\000O\000S\000C\000A}{chapter.1}% 20
\BOOKMARK [1][-]{section.1.20}{\376\377\0001\000.\0002\0000\000\040\0004\000.\000\040\000R\000u\000n\000n\000i\000n\000g}{chapter.1}% 21
\BOOKMARK [0][-]{chapter.2}{\376\377\0002\000\040\000C\000l\000a\000s\000s\000\040\000I\000n\000d\000e\000x}{}% 22
\BOOKMARK [1][-]{section.2.1}{\376\377\0002\000.\0001\000\040\000C\000l\000a\000s\000s\000\040\000L\000i\000s\000t}{chapter.2}% 23
\BOOKMARK [0][-]{chapter.3}{\376\377\0003\000\040\000F\000i\000l\000e\000\040\000I\000n\000d\000e\000x}{}% 24
\BOOKMARK [1][-]{section.3.1}{\376\377\0003\000.\0001\000\040\000F\000i\000l\000e\000\040\000L\000i\000s\000t}{chapter.3}% 25
\BOOKMARK [0][-]{chapter.4}{\376\377\0004\000\040\000C\000l\000a\000s\000s\000\040\000D\000o\000c\000u\000m\000e\000n\000t\000a\000t\000i\000o\000n}{}% 26
\BOOKMARK [1][-]{section.4.1}{\376\377\0004\000.\0001\000\040\000a\000b\000l\000\137\000\040\000S\000t\000r\000u\000c\000t\000\040\000R\000e\000f\000e\000r\000e\000n\000c\000e}{chapter.4}% 27
\BOOKMARK [1][-]{section.4.2}{\376\377\0004\000.\0002\000\040\000a\000c\000c\000e\000s\000s\000\137\000\040\000S\000t\000r\000u\000c\000t\000\040\000R\000e\000f\000e\000r\000e\000n\000c\000e}{chapter.4}% 28
\BOOKMARK [2][-]{subsection.4.2.1}{\376\377\0004\000.\0002\000.\0001\000\040\000D\000e\000t\000a\000i\000l\000e\000d\000\040\000D\000e\000s\000c\000r\000i\000p\000t\000i\000o\000n}{section.4.2}% 29
\BOOKMARK [1][-]{section.4.3}{\376\377\0004\000.\0003\000\040\000A\000c\000e\000l\000l\000\040\000S\000t\000r\000u\000c\000t\000\040\000R\000e\000f\000e\000r\000e\000n\000c\000e}{chapter.4}% 30
\BOOKMARK [2][-]{subsection.4.3.1}{\376\377\0004\000.\0003\000.\0001\000\040\000D\000e\000t\000a\000i\000l\000e\000d\000\040\000D\000e\000s\000c\000r\000i\000p\000t\000i\000o\000n}{section.4.3}% 31
\BOOKMARK [1][-]{section.4.4}{\376\377\0004\000.\0004\000\040\000a\000c\000q\000u\000i\000s\000i\000t\000i\000o\000n\000\137\000\040\000S\000t\000r\000u\000c\000t\000\040\000R\000e\000f\000e\000r\000e\000n\000c\000e}{chapter.4}% 32
\BOOKMARK [2][-]{subsection.4.4.1}{\376\377\0004\000.\0004\000.\0001\000\040\000D\000e\000t\000a\000i\000l\000e\000d\000\040\000D\000e\000s\000c\000r\000i\000p\000t\000i\000o\000n}{section.4.4}% 33
\BOOKMARK [1][-]{section.4.5}{\376\377\0004\000.\0005\000\040\000a\000v\000g\000F\000i\000e\000l\000d\000s\000\040\000S\000t\000r\000u\000c\000t\000\040\000R\000e\000f\000e\000r\000e\000n\000c\000e}{chapter.4}% 34
\BOOKMARK [2][-]{subsection.4.5.1}{\376\377\0004\000.\0005\000.\0001\000\040\000D\000e\000t\000a\000i\000l\000e\000d\000\040\000D\000e\000s\000c\000r\000i\000p\000t\000i\000o\000n}{section.4.5}% 35
\BOOKMARK [1][-]{section.4.6}{\376\377\0004\000.\0006\000\040\000B\000i\000n\000I\000n\000d\000e\000x\000\040\000S\000t\000r\000u\000c\000t\000\040\000R\000e\000f\000e\000r\000e\000n\000c\000e}{chapter.4}% 36
\BOOKMARK [1][-]{section.4.7}{\376\377\0004\000.\0007\000\040\000b\000o\000u\000n\000d\000i\000n\000g\000B\000o\000x\000\040\000S\000t\000r\000u\000c\000t\000\040\000R\000e\000f\000e\000r\000e\000n\000c\000e}{chapter.4}% 37
\BOOKMARK [2][-]{subsection.4.7.1}{\376\377\0004\000.\0007\000.\0001\000\040\000D\000e\000t\000a\000i\000l\000e\000d\000\040\000D\000e\000s\000c\000r\000i\000p\000t\000i\000o\000n}{section.4.7}% 38
\BOOKMARK [1][-]{section.4.8}{\376\377\0004\000.\0008\000\040\000C\000a\000b\000o\000t\000\040\000S\000t\000r\000u\000c\000t\000\040\000R\000e\000f\000e\000r\000e\000n\000c\000e}{chapter.4}% 39
\BOOKMARK [2][-]{subsection.4.8.1}{\376\377\0004\000.\0008\000.\0001\000\040\000D\000e\000t\000a\000i\000l\000e\000d\000\040\000D\000e\000s\000c\000r\000i\000p\000t\000i\000o\000n}{section.4.8}% 40
\BOOKMARK [1][-]{section.4.9}{\376\377\0004\000.\0009\000\040\000c\000e\000l\000l\000I\000d\000s\000\040\000S\000t\000r\000u\000c\000t\000\040\000R\000e\000f\000e\000r\000e\000n\000c\000e}{chapter.4}% 41
\BOOKMARK [2][-]{subsection.4.9.1}{\376\377\0004\000.\0009\000.\0001\000\040\000D\000e\000t\000a\000i\000l\000e\000d\000\040\000D\000e\000s\000c\000r\000i\000p\000t\000i\000o\000n}{section.4.9}% 42
\BOOKMARK [1][-]{section.4.10}{\376\377\0004\000.\0001\0000\000\040\000c\000e\000l\000l\000L\000i\000s\000t\000\040\000S\000t\000r\000u\000c\000t\000\040\000R\000e\000f\000e\000r\000e\000n\000c\000e}{chapter.4}% 43
\BOOKMARK [2][-]{subsection.4.10.1}{\376\377\0004\000.\0001\0000\000.\0001\000\040\000D\000e\000t\000a\000i\000l\000e\000d\000\040\000D\000e\000s\000c\000r\000i\000p\000t\000i\000o\000n}{section.4.10}% 44
\BOOKMARK [1][-]{section.4.11}{\376\377\0004\000.\0001\0001\000\040\000c\000e\000l\000l\000N\000o\000d\000e\000\040\000S\000t\000r\000u\000c\000t\000\040\000R\000e\000f\000e\000r\000e\000n\000c\000e}{chapter.4}% 45
\BOOKMARK [1][-]{section.4.12}{\376\377\0004\000.\0001\0002\000\040\000c\000l\000o\000c\000k\000\137\000\040\000S\000t\000r\000u\000c\000t\000\040\000R\000e\000f\000e\000r\000e\000n\000c\000e}{chapter.4}% 46
\BOOKMARK [1][-]{section.4.13}{\376\377\0004\000.\0001\0003\000\040\000C\000m\000p\000n\000t\000s\000\040\000S\000t\000r\000u\000c\000t\000\040\000R\000e\000f\000e\000r\000e\000n\000c\000e}{chapter.4}% 47
\BOOKMARK [2][-]{subsection.4.13.1}{\376\377\0004\000.\0001\0003\000.\0001\000\040\000D\000e\000t\000a\000i\000l\000e\000d\000\040\000D\000e\000s\000c\000r\000i\000p\000t\000i\000o\000n}{section.4.13}% 48
\BOOKMARK [1][-]{section.4.14}{\376\377\0004\000.\0001\0004\000\040\000c\000o\000n\000s\000t\000a\000n\000t\000s\000\137\000\040\000S\000t\000r\000u\000c\000t\000\040\000R\000e\000f\000e\000r\000e\000n\000c\000e}{chapter.4}% 49
\BOOKMARK [1][-]{section.4.15}{\376\377\0004\000.\0001\0005\000\040\000C\000p\000t\0002\000D\000\040\000S\000t\000r\000u\000c\000t\000\040\000R\000e\000f\000e\000r\000e\000n\000c\000e}{chapter.4}% 50
\BOOKMARK [2][-]{subsection.4.15.1}{\376\377\0004\000.\0001\0005\000.\0001\000\040\000D\000e\000t\000a\000i\000l\000e\000d\000\040\000D\000e\000s\000c\000r\000i\000p\000t\000i\000o\000n}{section.4.15}% 51
\BOOKMARK [1][-]{section.4.16}{\376\377\0004\000.\0001\0006\000\040\000d\000a\000t\000a\0003\000L\000M\000\040\000S\000t\000r\000u\000c\000t\000\040\000R\000e\000f\000e\000r\000e\000n\000c\000e}{chapter.4}% 52
\BOOKMARK [2][-]{subsection.4.16.1}{\376\377\0004\000.\0001\0006\000.\0001\000\040\000D\000e\000t\000a\000i\000l\000e\000d\000\040\000D\000e\000s\000c\000r\000i\000p\000t\000i\000o\000n}{section.4.16}% 53
\BOOKMARK [1][-]{section.4.17}{\376\377\0004\000.\0001\0007\000\040\000d\000a\000t\000a\000A\000B\000L\000\040\000S\000t\000r\000u\000c\000t\000\040\000R\000e\000f\000e\000r\000e\000n\000c\000e}{chapter.4}% 54
\BOOKMARK [2][-]{subsection.4.17.1}{\376\377\0004\000.\0001\0007\000.\0001\000\040\000D\000e\000t\000a\000i\000l\000e\000d\000\040\000D\000e\000s\000c\000r\000i\000p\000t\000i\000o\000n}{section.4.17}% 55
\BOOKMARK [1][-]{section.4.18}{\376\377\0004\000.\0001\0008\000\040\000D\000c\000e\000l\000l\000\040\000S\000t\000r\000u\000c\000t\000\040\000R\000e\000f\000e\000r\000e\000n\000c\000e}{chapter.4}% 56
\BOOKMARK [2][-]{subsection.4.18.1}{\376\377\0004\000.\0001\0008\000.\0001\000\040\000D\000e\000t\000a\000i\000l\000e\000d\000\040\000D\000e\000s\000c\000r\000i\000p\000t\000i\000o\000n}{section.4.18}% 57
\BOOKMARK [1][-]{section.4.19}{\376\377\0004\000.\0001\0009\000\040\000d\000o\000m\000a\000i\000n\000\137\000\040\000S\000t\000r\000u\000c\000t\000\040\000R\000e\000f\000e\000r\000e\000n\000c\000e}{chapter.4}% 58
\BOOKMARK [2][-]{subsection.4.19.1}{\376\377\0004\000.\0001\0009\000.\0001\000\040\000D\000e\000t\000a\000i\000l\000e\000d\000\040\000D\000e\000s\000c\000r\000i\000p\000t\000i\000o\000n}{section.4.19}% 59
\BOOKMARK [1][-]{section.4.20}{\376\377\0004\000.\0002\0000\000\040\000e\000l\000e\000m\000e\000n\000t\000B\000o\000x\000\040\000S\000t\000r\000u\000c\000t\000\040\000R\000e\000f\000e\000r\000e\000n\000c\000e}{chapter.4}% 60
\BOOKMARK [1][-]{section.4.21}{\376\377\0004\000.\0002\0001\000\040\000f\000l\000a\000g\000s\000\137\000\040\000S\000t\000r\000u\000c\000t\000\040\000R\000e\000f\000e\000r\000e\000n\000c\000e}{chapter.4}% 61
\BOOKMARK [2][-]{subsection.4.21.1}{\376\377\0004\000.\0002\0001\000.\0001\000\040\000D\000e\000t\000a\000i\000l\000e\000d\000\040\000D\000e\000s\000c\000r\000i\000p\000t\000i\000o\000n}{section.4.21}% 62
\BOOKMARK [1][-]{section.4.22}{\376\377\0004\000.\0002\0002\000\040\000s\000t\000d\000:\000:\000h\000a\000s\000h\000<\000\040\000B\000i\000n\000I\000n\000d\000e\000x\000\040\000>\000\040\000S\000t\000r\000u\000c\000t\000\040\000R\000e\000f\000e\000r\000e\000n\000c\000e}{chapter.4}% 63
\BOOKMARK [1][-]{section.4.23}{\376\377\0004\000.\0002\0003\000\040\000H\000o\000l\000e\000O\000b\000j\000e\000c\000t\000\040\000S\000t\000r\000u\000c\000t\000\040\000R\000e\000f\000e\000r\000e\000n\000c\000e}{chapter.4}% 64
\BOOKMARK [1][-]{section.4.24}{\376\377\0004\000.\0002\0004\000\040\000i\000b\000m\000\137\000\040\000S\000t\000r\000u\000c\000t\000\040\000R\000e\000f\000e\000r\000e\000n\000c\000e}{chapter.4}% 65
\BOOKMARK [2][-]{subsection.4.24.1}{\376\377\0004\000.\0002\0004\000.\0001\000\040\000D\000e\000t\000a\000i\000l\000e\000d\000\040\000D\000e\000s\000c\000r\000i\000p\000t\000i\000o\000n}{section.4.24}% 66
\BOOKMARK [1][-]{section.4.25}{\376\377\0004\000.\0002\0005\000\040\000i\000b\000m\000F\000l\000u\000i\000d\000C\000e\000l\000l\000\040\000S\000t\000r\000u\000c\000t\000\040\000R\000e\000f\000e\000r\000e\000n\000c\000e}{chapter.4}% 67
\BOOKMARK [1][-]{section.4.26}{\376\377\0004\000.\0002\0006\000\040\000i\000b\000m\000M\000e\000s\000h\000\040\000S\000t\000r\000u\000c\000t\000\040\000R\000e\000f\000e\000r\000e\000n\000c\000e}{chapter.4}% 68
\BOOKMARK [1][-]{section.4.27}{\376\377\0004\000.\0002\0007\000\040\000i\000b\000m\000O\000b\000j\000e\000c\000t\000\040\000S\000t\000r\000u\000c\000t\000\040\000R\000e\000f\000e\000r\000e\000n\000c\000e}{chapter.4}% 69
\BOOKMARK [1][-]{section.4.28}{\376\377\0004\000.\0002\0008\000\040\000i\000b\000m\000P\000i\000t\000c\000h\000M\000o\000t\000i\000o\000n\000\040\000S\000t\000r\000u\000c\000t\000\040\000R\000e\000f\000e\000r\000e\000n\000c\000e}{chapter.4}% 70
\BOOKMARK [1][-]{section.4.29}{\376\377\0004\000.\0002\0009\000\040\000i\000b\000m\000R\000o\000t\000a\000t\000i\000o\000n\000\040\000S\000t\000r\000u\000c\000t\000\040\000R\000e\000f\000e\000r\000e\000n\000c\000e}{chapter.4}% 71
\BOOKMARK [1][-]{section.4.30}{\376\377\0004\000.\0003\0000\000\040\000i\000b\000m\000S\000i\000n\000e\000M\000o\000t\000i\000o\000n\000\040\000S\000t\000r\000u\000c\000t\000\040\000R\000e\000f\000e\000r\000e\000n\000c\000e}{chapter.4}% 72
\BOOKMARK [1][-]{section.4.31}{\376\377\0004\000.\0003\0001\000\040\000i\000n\000f\000l\000o\000w\000D\000a\000t\000a\000\040\000S\000t\000r\000u\000c\000t\000\040\000R\000e\000f\000e\000r\000e\000n\000c\000e}{chapter.4}% 73
\BOOKMARK [2][-]{subsection.4.31.1}{\376\377\0004\000.\0003\0001\000.\0001\000\040\000D\000e\000t\000a\000i\000l\000e\000d\000\040\000D\000e\000s\000c\000r\000i\000p\000t\000i\000o\000n}{section.4.31}% 74
\BOOKMARK [1][-]{section.4.32}{\376\377\0004\000.\0003\0002\000\040\000i\000n\000l\000e\000t\000F\000u\000n\000c\000t\000i\000o\000n\000s\000\040\000S\000t\000r\000u\000c\000t\000\040\000R\000e\000f\000e\000r\000e\000n\000c\000e}{chapter.4}% 75
\BOOKMARK [2][-]{subsection.4.32.1}{\376\377\0004\000.\0003\0002\000.\0001\000\040\000D\000e\000t\000a\000i\000l\000e\000d\000\040\000D\000e\000s\000c\000r\000i\000p\000t\000i\000o\000n}{section.4.32}% 76
\BOOKMARK [1][-]{section.4.33}{\376\377\0004\000.\0003\0003\000\040\000i\000n\000l\000e\000t\000F\000u\000n\000c\000t\000i\000o\000n\000T\000y\000p\000e\000s\000\040\000S\000t\000r\000u\000c\000t\000\040\000R\000e\000f\000e\000r\000e\000n\000c\000e}{chapter.4}% 77
\BOOKMARK [2][-]{subsection.4.33.1}{\376\377\0004\000.\0003\0003\000.\0001\000\040\000D\000e\000t\000a\000i\000l\000e\000d\000\040\000D\000e\000s\000c\000r\000i\000p\000t\000i\000o\000n}{section.4.33}% 78
\BOOKMARK [1][-]{section.4.34}{\376\377\0004\000.\0003\0004\000\040\000i\000o\000\137\000\040\000S\000t\000r\000u\000c\000t\000\040\000R\000e\000f\000e\000r\000e\000n\000c\000e}{chapter.4}% 79
\BOOKMARK [2][-]{subsection.4.34.1}{\376\377\0004\000.\0003\0004\000.\0001\000\040\000D\000e\000t\000a\000i\000l\000e\000d\000\040\000D\000e\000s\000c\000r\000i\000p\000t\000i\000o\000n}{section.4.34}% 80
\BOOKMARK [1][-]{section.4.35}{\376\377\0004\000.\0003\0005\000\040\000k\000e\000B\000o\000x\000\040\000S\000t\000r\000u\000c\000t\000\040\000R\000e\000f\000e\000r\000e\000n\000c\000e}{chapter.4}% 81
\BOOKMARK [2][-]{subsection.4.35.1}{\376\377\0004\000.\0003\0005\000.\0001\000\040\000D\000e\000t\000a\000i\000l\000e\000d\000\040\000D\000e\000s\000c\000r\000i\000p\000t\000i\000o\000n}{section.4.35}% 82
\BOOKMARK [1][-]{section.4.36}{\376\377\0004\000.\0003\0006\000\040\000k\000e\000F\000i\000e\000l\000d\000s\000\040\000S\000t\000r\000u\000c\000t\000\040\000R\000e\000f\000e\000r\000e\000n\000c\000e}{chapter.4}% 83
\BOOKMARK [2][-]{subsection.4.36.1}{\376\377\0004\000.\0003\0006\000.\0001\000\040\000D\000e\000t\000a\000i\000l\000e\000d\000\040\000D\000e\000s\000c\000r\000i\000p\000t\000i\000o\000n}{section.4.36}% 84
\BOOKMARK [1][-]{section.4.37}{\376\377\0004\000.\0003\0007\000\040\000l\000e\000s\000\137\000\040\000S\000t\000r\000u\000c\000t\000\040\000R\000e\000f\000e\000r\000e\000n\000c\000e}{chapter.4}% 85
\BOOKMARK [2][-]{subsection.4.37.1}{\376\377\0004\000.\0003\0007\000.\0001\000\040\000D\000e\000t\000a\000i\000l\000e\000d\000\040\000D\000e\000s\000c\000r\000i\000p\000t\000i\000o\000n}{section.4.37}% 86
\BOOKMARK [1][-]{section.4.38}{\376\377\0004\000.\0003\0008\000\040\000l\000e\000v\000e\000l\0003\000L\000M\000\040\000S\000t\000r\000u\000c\000t\000\040\000R\000e\000f\000e\000r\000e\000n\000c\000e}{chapter.4}% 87
\BOOKMARK [2][-]{subsection.4.38.1}{\376\377\0004\000.\0003\0008\000.\0001\000\040\000D\000e\000t\000a\000i\000l\000e\000d\000\040\000D\000e\000s\000c\000r\000i\000p\000t\000i\000o\000n}{section.4.38}% 88
\BOOKMARK [1][-]{section.4.39}{\376\377\0004\000.\0003\0009\000\040\000l\000i\000s\000t\000\040\000S\000t\000r\000u\000c\000t\000\040\000R\000e\000f\000e\000r\000e\000n\000c\000e}{chapter.4}% 89
\BOOKMARK [2][-]{subsection.4.39.1}{\376\377\0004\000.\0003\0009\000.\0001\000\040\000D\000e\000t\000a\000i\000l\000e\000d\000\040\000D\000e\000s\000c\000r\000i\000p\000t\000i\000o\000n}{section.4.39}% 90
\BOOKMARK [1][-]{section.4.40}{\376\377\0004\000.\0004\0000\000\040\000L\000o\000g\000L\000a\000w\000A\000P\000G\000\040\000S\000t\000r\000u\000c\000t\000\040\000R\000e\000f\000e\000r\000e\000n\000c\000e}{chapter.4}% 91
\BOOKMARK [1][-]{section.4.41}{\376\377\0004\000.\0004\0001\000\040\000m\000a\000p\000I\000n\000f\000o\000\040\000S\000t\000r\000u\000c\000t\000\040\000R\000e\000f\000e\000r\000e\000n\000c\000e}{chapter.4}% 92
\BOOKMARK [2][-]{subsection.4.41.1}{\376\377\0004\000.\0004\0001\000.\0001\000\040\000D\000e\000t\000a\000i\000l\000e\000d\000\040\000D\000e\000s\000c\000r\000i\000p\000t\000i\000o\000n}{section.4.41}% 93
\BOOKMARK [1][-]{section.4.42}{\376\377\0004\000.\0004\0002\000\040\000M\000a\000t\000r\000i\000x\0003\000\040\000S\000t\000r\000u\000c\000t\000\040\000R\000e\000f\000e\000r\000e\000n\000c\000e}{chapter.4}% 94
\BOOKMARK [1][-]{section.4.43}{\376\377\0004\000.\0004\0003\000\040\000m\000e\000s\000h\000\137\000\040\000S\000t\000r\000u\000c\000t\000\040\000R\000e\000f\000e\000r\000e\000n\000c\000e}{chapter.4}% 95
\BOOKMARK [2][-]{subsection.4.43.1}{\376\377\0004\000.\0004\0003\000.\0001\000\040\000D\000e\000t\000a\000i\000l\000e\000d\000\040\000D\000e\000s\000c\000r\000i\000p\000t\000i\000o\000n}{section.4.43}% 96
\BOOKMARK [1][-]{section.4.44}{\376\377\0004\000.\0004\0004\000\040\000M\000o\000d\000e\000D\000a\000t\000a\000\040\000S\000t\000r\000u\000c\000t\000\040\000R\000e\000f\000e\000r\000e\000n\000c\000e}{chapter.4}% 97
\BOOKMARK [1][-]{section.4.45}{\376\377\0004\000.\0004\0005\000\040\000n\000o\000d\000e\000\040\000S\000t\000r\000u\000c\000t\000\040\000R\000e\000f\000e\000r\000e\000n\000c\000e}{chapter.4}% 98
\BOOKMARK [2][-]{subsection.4.45.1}{\376\377\0004\000.\0004\0005\000.\0001\000\040\000D\000e\000t\000a\000i\000l\000e\000d\000\040\000D\000e\000s\000c\000r\000i\000p\000t\000i\000o\000n}{section.4.45}% 99
\BOOKMARK [1][-]{section.4.46}{\376\377\0004\000.\0004\0006\000\040\000O\000c\000t\000r\000e\000e\000N\000o\000d\000e\000\040\000S\000t\000r\000u\000c\000t\000\040\000R\000e\000f\000e\000r\000e\000n\000c\000e}{chapter.4}% 100
\BOOKMARK [1][-]{section.4.47}{\376\377\0004\000.\0004\0007\000\040\000o\000v\000e\000r\000s\000e\000t\000\137\000\040\000S\000t\000r\000u\000c\000t\000\040\000R\000e\000f\000e\000r\000e\000n\000c\000e}{chapter.4}% 101
\BOOKMARK [2][-]{subsection.4.47.1}{\376\377\0004\000.\0004\0007\000.\0001\000\040\000D\000e\000t\000a\000i\000l\000e\000d\000\040\000D\000e\000s\000c\000r\000i\000p\000t\000i\000o\000n}{section.4.47}% 102
\BOOKMARK [1][-]{section.4.48}{\376\377\0004\000.\0004\0008\000\040\000o\000v\000e\000r\000s\000e\000t\000M\000o\000t\000i\000o\000n\000\040\000S\000t\000r\000u\000c\000t\000\040\000R\000e\000f\000e\000r\000e\000n\000c\000e}{chapter.4}% 103
\BOOKMARK [2][-]{subsection.4.48.1}{\376\377\0004\000.\0004\0008\000.\0001\000\040\000D\000e\000t\000a\000i\000l\000e\000d\000\040\000D\000e\000s\000c\000r\000i\000p\000t\000i\000o\000n}{section.4.48}% 104
\BOOKMARK [1][-]{section.4.49}{\376\377\0004\000.\0004\0009\000\040\000p\000a\000t\000c\000h\000V\000e\000c\000t\000o\000r\000F\000i\000e\000l\000d\000\040\000S\000t\000r\000u\000c\000t\000\040\000R\000e\000f\000e\000r\000e\000n\000c\000e}{chapter.4}% 105
\BOOKMARK [2][-]{subsection.4.49.1}{\376\377\0004\000.\0004\0009\000.\0001\000\040\000D\000e\000t\000a\000i\000l\000e\000d\000\040\000D\000e\000s\000c\000r\000i\000p\000t\000i\000o\000n}{section.4.49}% 106
\BOOKMARK [1][-]{section.4.50}{\376\377\0004\000.\0005\0000\000\040\000p\000e\000q\000n\000\137\000\040\000S\000t\000r\000u\000c\000t\000\040\000R\000e\000f\000e\000r\000e\000n\000c\000e}{chapter.4}% 107
\BOOKMARK [2][-]{subsection.4.50.1}{\376\377\0004\000.\0005\0000\000.\0001\000\040\000D\000e\000t\000a\000i\000l\000e\000d\000\040\000D\000e\000s\000c\000r\000i\000p\000t\000i\000o\000n}{section.4.50}% 108
\BOOKMARK [1][-]{section.4.51}{\376\377\0004\000.\0005\0001\000\040\000p\000e\000r\000t\000u\000r\000b\000F\000i\000e\000l\000d\000s\000\040\000S\000t\000r\000u\000c\000t\000\040\000R\000e\000f\000e\000r\000e\000n\000c\000e}{chapter.4}% 109
\BOOKMARK [2][-]{subsection.4.51.1}{\376\377\0004\000.\0005\0001\000.\0001\000\040\000D\000e\000t\000a\000i\000l\000e\000d\000\040\000D\000e\000s\000c\000r\000i\000p\000t\000i\000o\000n}{section.4.51}% 110
\BOOKMARK [1][-]{section.4.52}{\376\377\0004\000.\0005\0002\000\040\000p\000o\000s\000t\000P\000r\000o\000c\000e\000s\000s\000\040\000S\000t\000r\000u\000c\000t\000\040\000R\000e\000f\000e\000r\000e\000n\000c\000e}{chapter.4}% 111
\BOOKMARK [2][-]{subsection.4.52.1}{\376\377\0004\000.\0005\0002\000.\0001\000\040\000D\000e\000t\000a\000i\000l\000e\000d\000\040\000D\000e\000s\000c\000r\000i\000p\000t\000i\000o\000n}{section.4.52}% 112
\BOOKMARK [1][-]{section.4.53}{\376\377\0004\000.\0005\0003\000\040\000P\000o\000w\000e\000r\000L\000a\000w\000A\000P\000G\000\040\000S\000t\000r\000u\000c\000t\000\040\000R\000e\000f\000e\000r\000e\000n\000c\000e}{chapter.4}% 113
\BOOKMARK [2][-]{subsection.4.53.1}{\376\377\0004\000.\0005\0003\000.\0001\000\040\000D\000e\000t\000a\000i\000l\000e\000d\000\040\000D\000e\000s\000c\000r\000i\000p\000t\000i\000o\000n}{section.4.53}% 114
\BOOKMARK [1][-]{section.4.54}{\376\377\0004\000.\0005\0004\000\040\000p\000r\000e\000c\000u\000r\000s\000o\000r\000\137\000\040\000S\000t\000r\000u\000c\000t\000\040\000R\000e\000f\000e\000r\000e\000n\000c\000e}{chapter.4}% 115
\BOOKMARK [2][-]{subsection.4.54.1}{\376\377\0004\000.\0005\0004\000.\0001\000\040\000D\000e\000t\000a\000i\000l\000e\000d\000\040\000D\000e\000s\000c\000r\000i\000p\000t\000i\000o\000n}{section.4.54}% 116
\BOOKMARK [1][-]{section.4.55}{\376\377\0004\000.\0005\0005\000\040\000p\000r\000o\000b\000e\000R\000a\000k\000e\000\040\000S\000t\000r\000u\000c\000t\000\040\000R\000e\000f\000e\000r\000e\000n\000c\000e}{chapter.4}% 117
\BOOKMARK [2][-]{subsection.4.55.1}{\376\377\0004\000.\0005\0005\000.\0001\000\040\000D\000e\000t\000a\000i\000l\000e\000d\000\040\000D\000e\000s\000c\000r\000i\000p\000t\000i\000o\000n}{section.4.55}% 118
\BOOKMARK [1][-]{section.4.56}{\376\377\0004\000.\0005\0006\000\040\000r\000a\000k\000e\000s\000\040\000S\000t\000r\000u\000c\000t\000\040\000R\000e\000f\000e\000r\000e\000n\000c\000e}{chapter.4}% 119
\BOOKMARK [2][-]{subsection.4.56.1}{\376\377\0004\000.\0005\0006\000.\0001\000\040\000D\000e\000t\000a\000i\000l\000e\000d\000\040\000D\000e\000s\000c\000r\000i\000p\000t\000i\000o\000n}{section.4.56}% 120
\BOOKMARK [1][-]{section.4.57}{\376\377\0004\000.\0005\0007\000\040\000s\000c\000a\000l\000a\000r\000B\000C\000\040\000S\000t\000r\000u\000c\000t\000\040\000R\000e\000f\000e\000r\000e\000n\000c\000e}{chapter.4}% 121
\BOOKMARK [2][-]{subsection.4.57.1}{\376\377\0004\000.\0005\0007\000.\0001\000\040\000D\000e\000t\000a\000i\000l\000e\000d\000\040\000D\000e\000s\000c\000r\000i\000p\000t\000i\000o\000n}{section.4.57}% 122
\BOOKMARK [1][-]{section.4.58}{\376\377\0004\000.\0005\0008\000\040\000s\000e\000a\000r\000c\000h\000B\000o\000x\000\040\000S\000t\000r\000u\000c\000t\000\040\000R\000e\000f\000e\000r\000e\000n\000c\000e}{chapter.4}% 123
\BOOKMARK [1][-]{section.4.59}{\376\377\0004\000.\0005\0009\000\040\000s\000e\000c\000t\000i\000o\000n\000s\000\040\000S\000t\000r\000u\000c\000t\000\040\000R\000e\000f\000e\000r\000e\000n\000c\000e}{chapter.4}% 124
\BOOKMARK [2][-]{subsection.4.59.1}{\376\377\0004\000.\0005\0009\000.\0001\000\040\000D\000e\000t\000a\000i\000l\000e\000d\000\040\000D\000e\000s\000c\000r\000i\000p\000t\000i\000o\000n}{section.4.59}% 125
\BOOKMARK [1][-]{section.4.60}{\376\377\0004\000.\0006\0000\000\040\000S\000h\000u\000m\000a\000n\000n\000\040\000S\000t\000r\000u\000c\000t\000\040\000R\000e\000f\000e\000r\000e\000n\000c\000e}{chapter.4}% 126
\BOOKMARK [2][-]{subsection.4.60.1}{\376\377\0004\000.\0006\0000\000.\0001\000\040\000D\000e\000t\000a\000i\000l\000e\000d\000\040\000D\000e\000s\000c\000r\000i\000p\000t\000i\000o\000n}{section.4.60}% 127
\BOOKMARK [1][-]{section.4.61}{\376\377\0004\000.\0006\0001\000\040\000s\000i\000m\000I\000n\000f\000o\000\137\000\040\000S\000t\000r\000u\000c\000t\000\040\000R\000e\000f\000e\000r\000e\000n\000c\000e}{chapter.4}% 128
\BOOKMARK [1][-]{section.4.62}{\376\377\0004\000.\0006\0002\000\040\000s\000k\000e\000w\000S\000y\000m\000m\000T\000e\000n\000s\000o\000r\000\040\000S\000t\000r\000u\000c\000t\000\040\000R\000e\000f\000e\000r\000e\000n\000c\000e}{chapter.4}% 129
\BOOKMARK [1][-]{section.4.63}{\376\377\0004\000.\0006\0003\000\040\000s\000u\000r\000f\000a\000c\000e\000\040\000S\000t\000r\000u\000c\000t\000\040\000R\000e\000f\000e\000r\000e\000n\000c\000e}{chapter.4}% 130
\BOOKMARK [1][-]{section.4.64}{\376\377\0004\000.\0006\0004\000\040\000s\000y\000m\000m\000T\000e\000n\000s\000o\000r\000\040\000S\000t\000r\000u\000c\000t\000\040\000R\000e\000f\000e\000r\000e\000n\000c\000e}{chapter.4}% 131
\BOOKMARK [2][-]{subsection.4.64.1}{\376\377\0004\000.\0006\0004\000.\0001\000\040\000D\000e\000t\000a\000i\000l\000e\000d\000\040\000D\000e\000s\000c\000r\000i\000p\000t\000i\000o\000n}{section.4.64}% 132
\BOOKMARK [1][-]{section.4.65}{\376\377\0004\000.\0006\0005\000\040\000T\000e\000n\000s\000o\000r\000\040\000S\000t\000r\000u\000c\000t\000\040\000R\000e\000f\000e\000r\000e\000n\000c\000e}{chapter.4}% 133
\BOOKMARK [1][-]{section.4.66}{\376\377\0004\000.\0006\0006\000\040\000T\000e\000n\000s\000o\000r\000I\000n\000v\000a\000r\000i\000a\000n\000t\000s\000\040\000S\000t\000r\000u\000c\000t\000\040\000R\000e\000f\000e\000r\000e\000n\000c\000e}{chapter.4}% 134
\BOOKMARK [1][-]{section.4.67}{\376\377\0004\000.\0006\0007\000\040\000t\000e\000q\000n\000\137\000\040\000S\000t\000r\000u\000c\000t\000\040\000R\000e\000f\000e\000r\000e\000n\000c\000e}{chapter.4}% 135
\BOOKMARK [2][-]{subsection.4.67.1}{\376\377\0004\000.\0006\0007\000.\0001\000\040\000D\000e\000t\000a\000i\000l\000e\000d\000\040\000D\000e\000s\000c\000r\000i\000p\000t\000i\000o\000n}{section.4.67}% 136
\BOOKMARK [1][-]{section.4.68}{\376\377\0004\000.\0006\0008\000\040\000u\000d\000S\000e\000c\000t\000i\000o\000n\000s\000\040\000S\000t\000r\000u\000c\000t\000\040\000R\000e\000f\000e\000r\000e\000n\000c\000e}{chapter.4}% 137
\BOOKMARK [1][-]{section.4.69}{\376\377\0004\000.\0006\0009\000\040\000u\000e\000q\000n\000\137\000\040\000S\000t\000r\000u\000c\000t\000\040\000R\000e\000f\000e\000r\000e\000n\000c\000e}{chapter.4}% 138
\BOOKMARK [2][-]{subsection.4.69.1}{\376\377\0004\000.\0006\0009\000.\0001\000\040\000D\000e\000t\000a\000i\000l\000e\000d\000\040\000D\000e\000s\000c\000r\000i\000p\000t\000i\000o\000n}{section.4.69}% 139
\BOOKMARK [1][-]{section.4.70}{\376\377\0004\000.\0007\0000\000\040\000u\000S\000e\000c\000t\000i\000o\000n\000s\000\040\000S\000t\000r\000u\000c\000t\000\040\000R\000e\000f\000e\000r\000e\000n\000c\000e}{chapter.4}% 140
\BOOKMARK [2][-]{subsection.4.70.1}{\376\377\0004\000.\0007\0000\000.\0001\000\040\000D\000e\000t\000a\000i\000l\000e\000d\000\040\000D\000e\000s\000c\000r\000i\000p\000t\000i\000o\000n}{section.4.70}% 141
\BOOKMARK [1][-]{section.4.71}{\376\377\0004\000.\0007\0001\000\040\000v\000e\000c\000t\000o\000r\000B\000C\000\040\000S\000t\000r\000u\000c\000t\000\040\000R\000e\000f\000e\000r\000e\000n\000c\000e}{chapter.4}% 142
\BOOKMARK [2][-]{subsection.4.71.1}{\376\377\0004\000.\0007\0001\000.\0001\000\040\000D\000e\000t\000a\000i\000l\000e\000d\000\040\000D\000e\000s\000c\000r\000i\000p\000t\000i\000o\000n}{section.4.71}% 143
\BOOKMARK [1][-]{section.4.72}{\376\377\0004\000.\0007\0002\000\040\000w\000a\000l\000l\000M\000o\000d\000e\000l\000\040\000S\000t\000r\000u\000c\000t\000\040\000R\000e\000f\000e\000r\000e\000n\000c\000e}{chapter.4}% 144
\BOOKMARK [2][-]{subsection.4.72.1}{\376\377\0004\000.\0007\0002\000.\0001\000\040\000D\000e\000t\000a\000i\000l\000e\000d\000\040\000D\000e\000s\000c\000r\000i\000p\000t\000i\000o\000n}{section.4.72}% 145
\BOOKMARK [0][-]{chapter.5}{\376\377\0005\000\040\000F\000i\000l\000e\000\040\000D\000o\000c\000u\000m\000e\000n\000t\000a\000t\000i\000o\000n}{}% 146
\BOOKMARK [1][-]{section.5.1}{\376\377\0005\000.\0001\000\040\000/\000z\000f\000s\0006\0000\000/\000n\000o\000b\000a\000c\000k\000u\000p\000/\000s\000t\000i\000p\000a\000/\000s\000o\000f\000t\000w\000a\000r\000e\000/\000T\000O\000S\000C\000A\000/\000s\000r\000c\000/\000a\000b\000l\000.\000c\000\040\000F\000i\000l\000e\000\040\000R\000e\000f\000e\000r\000e\000n\000c\000e}{chapter.5}% 147
\BOOKMARK [2][-]{subsection.5.1.1}{\376\377\0005\000.\0001\000.\0001\000\040\000D\000e\000t\000a\000i\000l\000e\000d\000\040\000D\000e\000s\000c\000r\000i\000p\000t\000i\000o\000n}{section.5.1}% 148
\BOOKMARK [1][-]{section.5.2}{\376\377\0005\000.\0002\000\040\000/\000z\000f\000s\0006\0000\000/\000n\000o\000b\000a\000c\000k\000u\000p\000/\000s\000t\000i\000p\000a\000/\000s\000o\000f\000t\000w\000a\000r\000e\000/\000T\000O\000S\000C\000A\000/\000s\000r\000c\000/\000a\000c\000q\000u\000i\000s\000i\000t\000i\000o\000n\000.\000c\000\040\000F\000i\000l\000e\000\040\000R\000e\000f\000e\000r\000e\000n\000c\000e}{chapter.5}% 149
\BOOKMARK [2][-]{subsection.5.2.1}{\376\377\0005\000.\0002\000.\0001\000\040\000D\000e\000t\000a\000i\000l\000e\000d\000\040\000D\000e\000s\000c\000r\000i\000p\000t\000i\000o\000n}{section.5.2}% 150
\BOOKMARK [2][-]{subsection.5.2.2}{\376\377\0005\000.\0002\000.\0002\000\040\000F\000u\000n\000c\000t\000i\000o\000n\000\040\000D\000o\000c\000u\000m\000e\000n\000t\000a\000t\000i\000o\000n}{section.5.2}% 151
\BOOKMARK [3][-]{subsubsection.5.2.2.1}{\376\377\0005\000.\0002\000.\0002\000.\0001\000\040\000r\000e\000a\000d\0003\000L\000M\000F\000i\000e\000l\000d\000s\000\050\000\051}{subsection.5.2.2}% 152
\BOOKMARK [1][-]{section.5.3}{\376\377\0005\000.\0003\000\040\000/\000z\000f\000s\0006\0000\000/\000n\000o\000b\000a\000c\000k\000u\000p\000/\000s\000t\000i\000p\000a\000/\000s\000o\000f\000t\000w\000a\000r\000e\000/\000T\000O\000S\000C\000A\000/\000s\000r\000c\000/\000b\000o\000u\000n\000d\000a\000r\000y\000.\000c\000\040\000F\000i\000l\000e\000\040\000R\000e\000f\000e\000r\000e\000n\000c\000e}{chapter.5}% 153
\BOOKMARK [2][-]{subsection.5.3.1}{\376\377\0005\000.\0003\000.\0001\000\040\000D\000e\000t\000a\000i\000l\000e\000d\000\040\000D\000e\000s\000c\000r\000i\000p\000t\000i\000o\000n}{section.5.3}% 154
\BOOKMARK [1][-]{section.5.4}{\376\377\0005\000.\0004\000\040\000/\000z\000f\000s\0006\0000\000/\000n\000o\000b\000a\000c\000k\000u\000p\000/\000s\000t\000i\000p\000a\000/\000s\000o\000f\000t\000w\000a\000r\000e\000/\000T\000O\000S\000C\000A\000/\000s\000r\000c\000/\000c\000l\000o\000c\000k\000.\000c\000\040\000F\000i\000l\000e\000\040\000R\000e\000f\000e\000r\000e\000n\000c\000e}{chapter.5}% 155
\BOOKMARK [2][-]{subsection.5.4.1}{\376\377\0005\000.\0004\000.\0001\000\040\000D\000e\000t\000a\000i\000l\000e\000d\000\040\000D\000e\000s\000c\000r\000i\000p\000t\000i\000o\000n}{section.5.4}% 156
\BOOKMARK [1][-]{section.5.5}{\376\377\0005\000.\0005\000\040\000/\000z\000f\000s\0006\0000\000/\000n\000o\000b\000a\000c\000k\000u\000p\000/\000s\000t\000i\000p\000a\000/\000s\000o\000f\000t\000w\000a\000r\000e\000/\000T\000O\000S\000C\000A\000/\000s\000r\000c\000/\000i\000b\000m\000.\000c\000\040\000F\000i\000l\000e\000\040\000R\000e\000f\000e\000r\000e\000n\000c\000e}{chapter.5}% 157
\BOOKMARK [2][-]{subsection.5.5.1}{\376\377\0005\000.\0005\000.\0001\000\040\000D\000e\000t\000a\000i\000l\000e\000d\000\040\000D\000e\000s\000c\000r\000i\000p\000t\000i\000o\000n}{section.5.5}% 158
\BOOKMARK [1][-]{section.5.6}{\376\377\0005\000.\0006\000\040\000/\000z\000f\000s\0006\0000\000/\000n\000o\000b\000a\000c\000k\000u\000p\000/\000s\000t\000i\000p\000a\000/\000s\000o\000f\000t\000w\000a\000r\000e\000/\000T\000O\000S\000C\000A\000/\000s\000r\000c\000/\000i\000b\000m\000I\000n\000p\000u\000t\000.\000c\000\040\000F\000i\000l\000e\000\040\000R\000e\000f\000e\000r\000e\000n\000c\000e}{chapter.5}% 159
\BOOKMARK [2][-]{subsection.5.6.1}{\376\377\0005\000.\0006\000.\0001\000\040\000D\000e\000t\000a\000i\000l\000e\000d\000\040\000D\000e\000s\000c\000r\000i\000p\000t\000i\000o\000n}{section.5.6}% 160
\BOOKMARK [2][-]{subsection.5.6.2}{\376\377\0005\000.\0006\000.\0002\000\040\000F\000u\000n\000c\000t\000i\000o\000n\000\040\000D\000o\000c\000u\000m\000e\000n\000t\000a\000t\000i\000o\000n}{section.5.6}% 161
\BOOKMARK [3][-]{subsubsection.5.6.2.1}{\376\377\0005\000.\0006\000.\0002\000.\0001\000\040\000r\000e\000a\000d\000I\000B\000M\000S\000u\000r\000f\000a\000c\000e\000F\000i\000l\000e\000A\000b\000a\000q\000u\000s\000I\000n\000p\000\050\000\051}{subsection.5.6.2}% 162
\BOOKMARK [1][-]{section.5.7}{\376\377\0005\000.\0007\000\040\000/\000z\000f\000s\0006\0000\000/\000n\000o\000b\000a\000c\000k\000u\000p\000/\000s\000t\000i\000p\000a\000/\000s\000o\000f\000t\000w\000a\000r\000e\000/\000T\000O\000S\000C\000A\000/\000s\000r\000c\000/\000i\000n\000c\000l\000u\000d\000e\000/\000a\000b\000l\000.\000h\000\040\000F\000i\000l\000e\000\040\000R\000e\000f\000e\000r\000e\000n\000c\000e}{chapter.5}% 163
\BOOKMARK [2][-]{subsection.5.7.1}{\376\377\0005\000.\0007\000.\0001\000\040\000D\000e\000t\000a\000i\000l\000e\000d\000\040\000D\000e\000s\000c\000r\000i\000p\000t\000i\000o\000n}{section.5.7}% 164
\BOOKMARK [1][-]{section.5.8}{\376\377\0005\000.\0008\000\040\000a\000b\000l\000.\000h}{chapter.5}% 165
\BOOKMARK [1][-]{section.5.9}{\376\377\0005\000.\0009\000\040\000a\000c\000c\000e\000s\000s\000.\000h}{chapter.5}% 166
\BOOKMARK [1][-]{section.5.10}{\376\377\0005\000.\0001\0000\000\040\000/\000z\000f\000s\0006\0000\000/\000n\000o\000b\000a\000c\000k\000u\000p\000/\000s\000t\000i\000p\000a\000/\000s\000o\000f\000t\000w\000a\000r\000e\000/\000T\000O\000S\000C\000A\000/\000s\000r\000c\000/\000i\000n\000c\000l\000u\000d\000e\000/\000a\000c\000q\000u\000i\000s\000i\000t\000i\000o\000n\000.\000h\000\040\000F\000i\000l\000e\000\040\000R\000e\000f\000e\000r\000e\000n\000c\000e}{chapter.5}% 167
\BOOKMARK [2][-]{subsection.5.10.1}{\376\377\0005\000.\0001\0000\000.\0001\000\040\000D\000e\000t\000a\000i\000l\000e\000d\000\040\000D\000e\000s\000c\000r\000i\000p\000t\000i\000o\000n}{section.5.10}% 168
\BOOKMARK [2][-]{subsection.5.10.2}{\376\377\0005\000.\0001\0000\000.\0002\000\040\000F\000u\000n\000c\000t\000i\000o\000n\000\040\000D\000o\000c\000u\000m\000e\000n\000t\000a\000t\000i\000o\000n}{section.5.10}% 169
\BOOKMARK [3][-]{subsubsection.5.10.2.1}{\376\377\0005\000.\0001\0000\000.\0002\000.\0001\000\040\000r\000e\000a\000d\0003\000L\000M\000F\000i\000e\000l\000d\000s\000\050\000\051}{subsection.5.10.2}% 170
\BOOKMARK [1][-]{section.5.11}{\376\377\0005\000.\0001\0001\000\040\000a\000c\000q\000u\000i\000s\000i\000t\000i\000o\000n\000.\000h}{chapter.5}% 171
\BOOKMARK [1][-]{section.5.12}{\376\377\0005\000.\0001\0002\000\040\000/\000z\000f\000s\0006\0000\000/\000n\000o\000b\000a\000c\000k\000u\000p\000/\000s\000t\000i\000p\000a\000/\000s\000o\000f\000t\000w\000a\000r\000e\000/\000T\000O\000S\000C\000A\000/\000s\000r\000c\000/\000i\000n\000c\000l\000u\000d\000e\000/\000a\000c\000q\000u\000i\000s\000i\000t\000i\000o\000n\000/\000a\000b\000l\000A\000c\000q\000u\000i\000s\000i\000t\000i\000o\000n\000.\000h\000\040\000F\000i\000l\000e\000\040\000R\000e\000f\000e\000r\000e\000n\000c\000e}{chapter.5}% 172
\BOOKMARK [2][-]{subsection.5.12.1}{\376\377\0005\000.\0001\0002\000.\0001\000\040\000D\000e\000t\000a\000i\000l\000e\000d\000\040\000D\000e\000s\000c\000r\000i\000p\000t\000i\000o\000n}{section.5.12}% 173
\BOOKMARK [1][-]{section.5.13}{\376\377\0005\000.\0001\0003\000\040\000a\000b\000l\000A\000c\000q\000u\000i\000s\000i\000t\000i\000o\000n\000.\000h}{chapter.5}% 174
\BOOKMARK [1][-]{section.5.14}{\376\377\0005\000.\0001\0004\000\040\000/\000z\000f\000s\0006\0000\000/\000n\000o\000b\000a\000c\000k\000u\000p\000/\000s\000t\000i\000p\000a\000/\000s\000o\000f\000t\000w\000a\000r\000e\000/\000T\000O\000S\000C\000A\000/\000s\000r\000c\000/\000i\000n\000c\000l\000u\000d\000e\000/\000a\000c\000q\000u\000i\000s\000i\000t\000i\000o\000n\000/\000a\000v\000e\000r\000a\000g\000e\000A\000c\000q\000u\000i\000s\000i\000t\000i\000o\000n\000.\000h\000\040\000F\000i\000l\000e\000\040\000R\000e\000f\000e\000r\000e\000n\000c\000e}{chapter.5}% 175
\BOOKMARK [2][-]{subsection.5.14.1}{\376\377\0005\000.\0001\0004\000.\0001\000\040\000D\000e\000t\000a\000i\000l\000e\000d\000\040\000D\000e\000s\000c\000r\000i\000p\000t\000i\000o\000n}{section.5.14}% 176
\BOOKMARK [1][-]{section.5.15}{\376\377\0005\000.\0001\0005\000\040\000a\000v\000e\000r\000a\000g\000e\000A\000c\000q\000u\000i\000s\000i\000t\000i\000o\000n\000.\000h}{chapter.5}% 177
\BOOKMARK [1][-]{section.5.16}{\376\377\0005\000.\0001\0006\000\040\000/\000z\000f\000s\0006\0000\000/\000n\000o\000b\000a\000c\000k\000u\000p\000/\000s\000t\000i\000p\000a\000/\000s\000o\000f\000t\000w\000a\000r\000e\000/\000T\000O\000S\000C\000A\000/\000s\000r\000c\000/\000i\000n\000c\000l\000u\000d\000e\000/\000a\000c\000q\000u\000i\000s\000i\000t\000i\000o\000n\000/\000k\000e\000A\000c\000q\000u\000i\000s\000i\000t\000i\000o\000n\000.\000h\000\040\000F\000i\000l\000e\000\040\000R\000e\000f\000e\000r\000e\000n\000c\000e}{chapter.5}% 178
\BOOKMARK [2][-]{subsection.5.16.1}{\376\377\0005\000.\0001\0006\000.\0001\000\040\000D\000e\000t\000a\000i\000l\000e\000d\000\040\000D\000e\000s\000c\000r\000i\000p\000t\000i\000o\000n}{section.5.16}% 179
\BOOKMARK [1][-]{section.5.17}{\376\377\0005\000.\0001\0007\000\040\000k\000e\000A\000c\000q\000u\000i\000s\000i\000t\000i\000o\000n\000.\000h}{chapter.5}% 180
\BOOKMARK [1][-]{section.5.18}{\376\377\0005\000.\0001\0008\000\040\000/\000z\000f\000s\0006\0000\000/\000n\000o\000b\000a\000c\000k\000u\000p\000/\000s\000t\000i\000p\000a\000/\000s\000o\000f\000t\000w\000a\000r\000e\000/\000T\000O\000S\000C\000A\000/\000s\000r\000c\000/\000i\000n\000c\000l\000u\000d\000e\000/\000a\000c\000q\000u\000i\000s\000i\000t\000i\000o\000n\000/\000p\000e\000r\000t\000u\000r\000b\000A\000c\000q\000u\000i\000s\000i\000t\000i\000o\000n\000.\000h\000\040\000F\000i\000l\000e\000\040\000R\000e\000f\000e\000r\000e\000n\000c\000e}{chapter.5}% 181
\BOOKMARK [2][-]{subsection.5.18.1}{\376\377\0005\000.\0001\0008\000.\0001\000\040\000D\000e\000t\000a\000i\000l\000e\000d\000\040\000D\000e\000s\000c\000r\000i\000p\000t\000i\000o\000n}{section.5.18}% 182
\BOOKMARK [1][-]{section.5.19}{\376\377\0005\000.\0001\0009\000\040\000p\000e\000r\000t\000u\000r\000b\000A\000c\000q\000u\000i\000s\000i\000t\000i\000o\000n\000.\000h}{chapter.5}% 183
\BOOKMARK [1][-]{section.5.20}{\376\377\0005\000.\0002\0000\000\040\000/\000z\000f\000s\0006\0000\000/\000n\000o\000b\000a\000c\000k\000u\000p\000/\000s\000t\000i\000p\000a\000/\000s\000o\000f\000t\000w\000a\000r\000e\000/\000T\000O\000S\000C\000A\000/\000s\000r\000c\000/\000i\000n\000c\000l\000u\000d\000e\000/\000a\000c\000q\000u\000i\000s\000i\000t\000i\000o\000n\000/\000p\000r\000o\000b\000e\000s\000A\000c\000q\000u\000i\000s\000i\000t\000i\000o\000n\000.\000h\000\040\000F\000i\000l\000e\000\040\000R\000e\000f\000e\000r\000e\000n\000c\000e}{chapter.5}% 184
\BOOKMARK [2][-]{subsection.5.20.1}{\376\377\0005\000.\0002\0000\000.\0001\000\040\000D\000e\000t\000a\000i\000l\000e\000d\000\040\000D\000e\000s\000c\000r\000i\000p\000t\000i\000o\000n}{section.5.20}% 185
\BOOKMARK [1][-]{section.5.21}{\376\377\0005\000.\0002\0001\000\040\000p\000r\000o\000b\000e\000s\000A\000c\000q\000u\000i\000s\000i\000t\000i\000o\000n\000.\000h}{chapter.5}% 186
\BOOKMARK [1][-]{section.5.22}{\376\377\0005\000.\0002\0002\000\040\000/\000z\000f\000s\0006\0000\000/\000n\000o\000b\000a\000c\000k\000u\000p\000/\000s\000t\000i\000p\000a\000/\000s\000o\000f\000t\000w\000a\000r\000e\000/\000T\000O\000S\000C\000A\000/\000s\000r\000c\000/\000i\000n\000c\000l\000u\000d\000e\000/\000a\000c\000q\000u\000i\000s\000i\000t\000i\000o\000n\000/\000s\000e\000c\000t\000i\000o\000n\000s\000A\000c\000q\000u\000i\000s\000i\000t\000i\000o\000n\000.\000h\000\040\000F\000i\000l\000e\000\040\000R\000e\000f\000e\000r\000e\000n\000c\000e}{chapter.5}% 187
\BOOKMARK [2][-]{subsection.5.22.1}{\376\377\0005\000.\0002\0002\000.\0001\000\040\000D\000e\000t\000a\000i\000l\000e\000d\000\040\000D\000e\000s\000c\000r\000i\000p\000t\000i\000o\000n}{section.5.22}% 188
\BOOKMARK [1][-]{section.5.23}{\376\377\0005\000.\0002\0003\000\040\000s\000e\000c\000t\000i\000o\000n\000s\000A\000c\000q\000u\000i\000s\000i\000t\000i\000o\000n\000.\000h}{chapter.5}% 189
\BOOKMARK [1][-]{section.5.24}{\376\377\0005\000.\0002\0004\000\040\000/\000z\000f\000s\0006\0000\000/\000n\000o\000b\000a\000c\000k\000u\000p\000/\000s\000t\000i\000p\000a\000/\000s\000o\000f\000t\000w\000a\000r\000e\000/\000T\000O\000S\000C\000A\000/\000s\000r\000c\000/\000i\000n\000c\000l\000u\000d\000e\000/\000b\000a\000s\000e\000.\000h\000\040\000F\000i\000l\000e\000\040\000R\000e\000f\000e\000r\000e\000n\000c\000e}{chapter.5}% 190
\BOOKMARK [2][-]{subsection.5.24.1}{\376\377\0005\000.\0002\0004\000.\0001\000\040\000D\000e\000t\000a\000i\000l\000e\000d\000\040\000D\000e\000s\000c\000r\000i\000p\000t\000i\000o\000n}{section.5.24}% 191
\BOOKMARK [1][-]{section.5.25}{\376\377\0005\000.\0002\0005\000\040\000b\000a\000s\000e\000.\000h}{chapter.5}% 192
\BOOKMARK [1][-]{section.5.26}{\376\377\0005\000.\0002\0006\000\040\000/\000z\000f\000s\0006\0000\000/\000n\000o\000b\000a\000c\000k\000u\000p\000/\000s\000t\000i\000p\000a\000/\000s\000o\000f\000t\000w\000a\000r\000e\000/\000T\000O\000S\000C\000A\000/\000s\000r\000c\000/\000i\000n\000c\000l\000u\000d\000e\000/\000b\000o\000u\000n\000d\000a\000r\000y\000.\000h\000\040\000F\000i\000l\000e\000\040\000R\000e\000f\000e\000r\000e\000n\000c\000e}{chapter.5}% 193
\BOOKMARK [2][-]{subsection.5.26.1}{\376\377\0005\000.\0002\0006\000.\0001\000\040\000D\000e\000t\000a\000i\000l\000e\000d\000\040\000D\000e\000s\000c\000r\000i\000p\000t\000i\000o\000n}{section.5.26}% 194
\BOOKMARK [1][-]{section.5.27}{\376\377\0005\000.\0002\0007\000\040\000b\000o\000u\000n\000d\000a\000r\000y\000.\000h}{chapter.5}% 195
\BOOKMARK [1][-]{section.5.28}{\376\377\0005\000.\0002\0008\000\040\000c\000a\000t\000a\000l\000y\000s\000t\000A\000d\000a\000p\000t\000o\000r\000.\000h}{chapter.5}% 196
\BOOKMARK [1][-]{section.5.29}{\376\377\0005\000.\0002\0009\000\040\000/\000z\000f\000s\0006\0000\000/\000n\000o\000b\000a\000c\000k\000u\000p\000/\000s\000t\000i\000p\000a\000/\000s\000o\000f\000t\000w\000a\000r\000e\000/\000T\000O\000S\000C\000A\000/\000s\000r\000c\000/\000i\000n\000c\000l\000u\000d\000e\000/\000c\000l\000o\000c\000k\000.\000h\000\040\000F\000i\000l\000e\000\040\000R\000e\000f\000e\000r\000e\000n\000c\000e}{chapter.5}% 197
\BOOKMARK [2][-]{subsection.5.29.1}{\376\377\0005\000.\0002\0009\000.\0001\000\040\000D\000e\000t\000a\000i\000l\000e\000d\000\040\000D\000e\000s\000c\000r\000i\000p\000t\000i\000o\000n}{section.5.29}% 198
\BOOKMARK [1][-]{section.5.30}{\376\377\0005\000.\0003\0000\000\040\000c\000l\000o\000c\000k\000.\000h}{chapter.5}% 199
\BOOKMARK [1][-]{section.5.31}{\376\377\0005\000.\0003\0001\000\040\000/\000z\000f\000s\0006\0000\000/\000n\000o\000b\000a\000c\000k\000u\000p\000/\000s\000t\000i\000p\000a\000/\000s\000o\000f\000t\000w\000a\000r\000e\000/\000T\000O\000S\000C\000A\000/\000s\000r\000c\000/\000i\000n\000c\000l\000u\000d\000e\000/\000d\000o\000m\000a\000i\000n\000.\000h\000\040\000F\000i\000l\000e\000\040\000R\000e\000f\000e\000r\000e\000n\000c\000e}{chapter.5}% 200
\BOOKMARK [2][-]{subsection.5.31.1}{\376\377\0005\000.\0003\0001\000.\0001\000\040\000D\000e\000t\000a\000i\000l\000e\000d\000\040\000D\000e\000s\000c\000r\000i\000p\000t\000i\000o\000n}{section.5.31}% 201
\BOOKMARK [1][-]{section.5.32}{\376\377\0005\000.\0003\0002\000\040\000d\000o\000m\000a\000i\000n\000.\000h}{chapter.5}% 202
\BOOKMARK [1][-]{section.5.33}{\376\377\0005\000.\0003\0003\000\040\000f\000l\000a\000g\000s\000.\000h}{chapter.5}% 203
\BOOKMARK [1][-]{section.5.34}{\376\377\0005\000.\0003\0004\000\040\000/\000z\000f\000s\0006\0000\000/\000n\000o\000b\000a\000c\000k\000u\000p\000/\000s\000t\000i\000p\000a\000/\000s\000o\000f\000t\000w\000a\000r\000e\000/\000T\000O\000S\000C\000A\000/\000s\000r\000c\000/\000i\000n\000c\000l\000u\000d\000e\000/\000i\000b\000m\000.\000h\000\040\000F\000i\000l\000e\000\040\000R\000e\000f\000e\000r\000e\000n\000c\000e}{chapter.5}% 204
\BOOKMARK [2][-]{subsection.5.34.1}{\376\377\0005\000.\0003\0004\000.\0001\000\040\000D\000e\000t\000a\000i\000l\000e\000d\000\040\000D\000e\000s\000c\000r\000i\000p\000t\000i\000o\000n}{section.5.34}% 205
\BOOKMARK [1][-]{section.5.35}{\376\377\0005\000.\0003\0005\000\040\000i\000b\000m\000.\000h}{chapter.5}% 206
\BOOKMARK [1][-]{section.5.36}{\376\377\0005\000.\0003\0006\000\040\000i\000b\000m\000I\000n\000p\000u\000t\000.\000h}{chapter.5}% 207
\BOOKMARK [1][-]{section.5.37}{\376\377\0005\000.\0003\0007\000\040\000/\000z\000f\000s\0006\0000\000/\000n\000o\000b\000a\000c\000k\000u\000p\000/\000s\000t\000i\000p\000a\000/\000s\000o\000f\000t\000w\000a\000r\000e\000/\000T\000O\000S\000C\000A\000/\000s\000r\000c\000/\000i\000n\000c\000l\000u\000d\000e\000/\000i\000n\000f\000l\000o\000w\000.\000h\000\040\000F\000i\000l\000e\000\040\000R\000e\000f\000e\000r\000e\000n\000c\000e}{chapter.5}% 208
\BOOKMARK [2][-]{subsection.5.37.1}{\376\377\0005\000.\0003\0007\000.\0001\000\040\000D\000e\000t\000a\000i\000l\000e\000d\000\040\000D\000e\000s\000c\000r\000i\000p\000t\000i\000o\000n}{section.5.37}% 209
\BOOKMARK [1][-]{section.5.38}{\376\377\0005\000.\0003\0008\000\040\000i\000n\000f\000l\000o\000w\000.\000h}{chapter.5}% 210
\BOOKMARK [1][-]{section.5.39}{\376\377\0005\000.\0003\0009\000\040\000/\000z\000f\000s\0006\0000\000/\000n\000o\000b\000a\000c\000k\000u\000p\000/\000s\000t\000i\000p\000a\000/\000s\000o\000f\000t\000w\000a\000r\000e\000/\000T\000O\000S\000C\000A\000/\000s\000r\000c\000/\000i\000n\000c\000l\000u\000d\000e\000/\000i\000n\000i\000t\000i\000a\000l\000F\000i\000e\000l\000d\000.\000h\000\040\000F\000i\000l\000e\000\040\000R\000e\000f\000e\000r\000e\000n\000c\000e}{chapter.5}% 211
\BOOKMARK [2][-]{subsection.5.39.1}{\376\377\0005\000.\0003\0009\000.\0001\000\040\000D\000e\000t\000a\000i\000l\000e\000d\000\040\000D\000e\000s\000c\000r\000i\000p\000t\000i\000o\000n}{section.5.39}% 212
\BOOKMARK [2][-]{subsection.5.39.2}{\376\377\0005\000.\0003\0009\000.\0002\000\040\000F\000u\000n\000c\000t\000i\000o\000n\000\040\000D\000o\000c\000u\000m\000e\000n\000t\000a\000t\000i\000o\000n}{section.5.39}% 213
\BOOKMARK [3][-]{subsubsection.5.39.2.1}{\376\377\0005\000.\0003\0009\000.\0002\000.\0001\000\040\000S\000e\000t\000I\000n\000i\000t\000i\000a\000l\000F\000i\000e\000l\000d\000\050\000\051}{subsection.5.39.2}% 214
\BOOKMARK [1][-]{section.5.40}{\376\377\0005\000.\0004\0000\000\040\000i\000n\000i\000t\000i\000a\000l\000F\000i\000e\000l\000d\000.\000h}{chapter.5}% 215
\BOOKMARK [1][-]{section.5.41}{\376\377\0005\000.\0004\0001\000\040\000/\000z\000f\000s\0006\0000\000/\000n\000o\000b\000a\000c\000k\000u\000p\000/\000s\000t\000i\000p\000a\000/\000s\000o\000f\000t\000w\000a\000r\000e\000/\000T\000O\000S\000C\000A\000/\000s\000r\000c\000/\000i\000n\000c\000l\000u\000d\000e\000/\000i\000n\000i\000t\000i\000a\000l\000i\000z\000a\000t\000i\000o\000n\000.\000h\000\040\000F\000i\000l\000e\000\040\000R\000e\000f\000e\000r\000e\000n\000c\000e}{chapter.5}% 216
\BOOKMARK [2][-]{subsection.5.41.1}{\376\377\0005\000.\0004\0001\000.\0001\000\040\000D\000e\000t\000a\000i\000l\000e\000d\000\040\000D\000e\000s\000c\000r\000i\000p\000t\000i\000o\000n}{section.5.41}% 217
\BOOKMARK [2][-]{subsection.5.41.2}{\376\377\0005\000.\0004\0001\000.\0002\000\040\000F\000u\000n\000c\000t\000i\000o\000n\000\040\000D\000o\000c\000u\000m\000e\000n\000t\000a\000t\000i\000o\000n}{section.5.41}% 218
\BOOKMARK [3][-]{subsubsection.5.41.2.1}{\376\377\0005\000.\0004\0001\000.\0002\000.\0001\000\040\000S\000e\000t\000I\000n\000i\000t\000i\000a\000l\000F\000i\000e\000l\000d\000\050\000\051}{subsection.5.41.2}% 219
\BOOKMARK [3][-]{subsubsection.5.41.2.2}{\376\377\0005\000.\0004\0001\000.\0002\000.\0002\000\040\000s\000i\000m\000u\000l\000a\000t\000i\000o\000n\000I\000n\000i\000t\000i\000a\000l\000i\000z\000e\000\050\000\051}{subsection.5.41.2}% 220
\BOOKMARK [1][-]{section.5.42}{\376\377\0005\000.\0004\0002\000\040\000i\000n\000i\000t\000i\000a\000l\000i\000z\000a\000t\000i\000o\000n\000.\000h}{chapter.5}% 221
\BOOKMARK [1][-]{section.5.43}{\376\377\0005\000.\0004\0003\000\040\000/\000z\000f\000s\0006\0000\000/\000n\000o\000b\000a\000c\000k\000u\000p\000/\000s\000t\000i\000p\000a\000/\000s\000o\000f\000t\000w\000a\000r\000e\000/\000T\000O\000S\000C\000A\000/\000s\000r\000c\000/\000i\000n\000c\000l\000u\000d\000e\000/\000i\000n\000l\000i\000n\000e\000.\000h\000\040\000F\000i\000l\000e\000\040\000R\000e\000f\000e\000r\000e\000n\000c\000e}{chapter.5}% 222
\BOOKMARK [2][-]{subsection.5.43.1}{\376\377\0005\000.\0004\0003\000.\0001\000\040\000D\000e\000t\000a\000i\000l\000e\000d\000\040\000D\000e\000s\000c\000r\000i\000p\000t\000i\000o\000n}{section.5.43}% 223
\BOOKMARK [2][-]{subsection.5.43.2}{\376\377\0005\000.\0004\0003\000.\0002\000\040\000F\000u\000n\000c\000t\000i\000o\000n\000\040\000D\000o\000c\000u\000m\000e\000n\000t\000a\000t\000i\000o\000n}{section.5.43}% 224
\BOOKMARK [3][-]{subsubsection.5.43.2.1}{\376\377\0005\000.\0004\0003\000.\0002\000.\0001\000\040\000c\000o\000m\000p\000u\000t\000e\000E\000m\000\050\000\051}{subsection.5.43.2}% 225
\BOOKMARK [1][-]{section.5.44}{\376\377\0005\000.\0004\0004\000\040\000i\000n\000l\000i\000n\000e\000.\000h}{chapter.5}% 226
\BOOKMARK [1][-]{section.5.45}{\376\377\0005\000.\0004\0005\000\040\000/\000z\000f\000s\0006\0000\000/\000n\000o\000b\000a\000c\000k\000u\000p\000/\000s\000t\000i\000p\000a\000/\000s\000o\000f\000t\000w\000a\000r\000e\000/\000T\000O\000S\000C\000A\000/\000s\000r\000c\000/\000i\000n\000c\000l\000u\000d\000e\000/\000i\000o\000.\000h\000\040\000F\000i\000l\000e\000\040\000R\000e\000f\000e\000r\000e\000n\000c\000e}{chapter.5}% 227
\BOOKMARK [2][-]{subsection.5.45.1}{\376\377\0005\000.\0004\0005\000.\0001\000\040\000D\000e\000t\000a\000i\000l\000e\000d\000\040\000D\000e\000s\000c\000r\000i\000p\000t\000i\000o\000n}{section.5.45}% 228
\BOOKMARK [1][-]{section.5.46}{\376\377\0005\000.\0004\0006\000\040\000i\000o\000.\000h}{chapter.5}% 229
\BOOKMARK [1][-]{section.5.47}{\376\377\0005\000.\0004\0007\000\040\000l\000e\000s\000.\000h}{chapter.5}% 230
\BOOKMARK [1][-]{section.5.48}{\376\377\0005\000.\0004\0008\000\040\000/\000z\000f\000s\0006\0000\000/\000n\000o\000b\000a\000c\000k\000u\000p\000/\000s\000t\000i\000p\000a\000/\000s\000o\000f\000t\000w\000a\000r\000e\000/\000T\000O\000S\000C\000A\000/\000s\000r\000c\000/\000i\000n\000c\000l\000u\000d\000e\000/\000l\000e\000s\000S\000c\000a\000l\000a\000r\000.\000h\000\040\000F\000i\000l\000e\000\040\000R\000e\000f\000e\000r\000e\000n\000c\000e}{chapter.5}% 231
\BOOKMARK [2][-]{subsection.5.48.1}{\376\377\0005\000.\0004\0008\000.\0001\000\040\000D\000e\000t\000a\000i\000l\000e\000d\000\040\000D\000e\000s\000c\000r\000i\000p\000t\000i\000o\000n}{section.5.48}% 232
\BOOKMARK [2][-]{subsection.5.48.2}{\376\377\0005\000.\0004\0008\000.\0002\000\040\000F\000u\000n\000c\000t\000i\000o\000n\000\040\000D\000o\000c\000u\000m\000e\000n\000t\000a\000t\000i\000o\000n}{section.5.48}% 233
\BOOKMARK [3][-]{subsubsection.5.48.2.1}{\376\377\0005\000.\0004\0008\000.\0002\000.\0001\000\040\000U\000p\000d\000a\000t\000e\000C\000s\000k\000\050\000\051}{subsection.5.48.2}% 234
\BOOKMARK [1][-]{section.5.49}{\376\377\0005\000.\0004\0009\000\040\000l\000e\000s\000S\000c\000a\000l\000a\000r\000.\000h}{chapter.5}% 235
\BOOKMARK [1][-]{section.5.50}{\376\377\0005\000.\0005\0000\000\040\000/\000z\000f\000s\0006\0000\000/\000n\000o\000b\000a\000c\000k\000u\000p\000/\000s\000t\000i\000p\000a\000/\000s\000o\000f\000t\000w\000a\000r\000e\000/\000T\000O\000S\000C\000A\000/\000s\000r\000c\000/\000i\000n\000c\000l\000u\000d\000e\000/\000m\000e\000s\000h\000.\000h\000\040\000F\000i\000l\000e\000\040\000R\000e\000f\000e\000r\000e\000n\000c\000e}{chapter.5}% 236
\BOOKMARK [2][-]{subsection.5.50.1}{\376\377\0005\000.\0005\0000\000.\0001\000\040\000D\000e\000t\000a\000i\000l\000e\000d\000\040\000D\000e\000s\000c\000r\000i\000p\000t\000i\000o\000n}{section.5.50}% 237
\BOOKMARK [1][-]{section.5.51}{\376\377\0005\000.\0005\0001\000\040\000m\000e\000s\000h\000.\000h}{chapter.5}% 238
\BOOKMARK [1][-]{section.5.52}{\376\377\0005\000.\0005\0002\000\040\000/\000z\000f\000s\0006\0000\000/\000n\000o\000b\000a\000c\000k\000u\000p\000/\000s\000t\000i\000p\000a\000/\000s\000o\000f\000t\000w\000a\000r\000e\000/\000T\000O\000S\000C\000A\000/\000s\000r\000c\000/\000i\000n\000c\000l\000u\000d\000e\000/\000o\000b\000j\000e\000c\000t\000s\000.\000h\000\040\000F\000i\000l\000e\000\040\000R\000e\000f\000e\000r\000e\000n\000c\000e}{chapter.5}% 239
\BOOKMARK [2][-]{subsection.5.52.1}{\376\377\0005\000.\0005\0002\000.\0001\000\040\000D\000e\000t\000a\000i\000l\000e\000d\000\040\000D\000e\000s\000c\000r\000i\000p\000t\000i\000o\000n}{section.5.52}% 240
\BOOKMARK [1][-]{section.5.53}{\376\377\0005\000.\0005\0003\000\040\000o\000b\000j\000e\000c\000t\000s\000.\000h}{chapter.5}% 241
\BOOKMARK [1][-]{section.5.54}{\376\377\0005\000.\0005\0004\000\040\000/\000z\000f\000s\0006\0000\000/\000n\000o\000b\000a\000c\000k\000u\000p\000/\000s\000t\000i\000p\000a\000/\000s\000o\000f\000t\000w\000a\000r\000e\000/\000T\000O\000S\000C\000A\000/\000s\000r\000c\000/\000i\000n\000c\000l\000u\000d\000e\000/\000o\000v\000e\000r\000s\000e\000t\000.\000h\000\040\000F\000i\000l\000e\000\040\000R\000e\000f\000e\000r\000e\000n\000c\000e}{chapter.5}% 242
\BOOKMARK [2][-]{subsection.5.54.1}{\376\377\0005\000.\0005\0004\000.\0001\000\040\000D\000e\000t\000a\000i\000l\000e\000d\000\040\000D\000e\000s\000c\000r\000i\000p\000t\000i\000o\000n}{section.5.54}% 243
\BOOKMARK [1][-]{section.5.55}{\376\377\0005\000.\0005\0005\000\040\000o\000v\000e\000r\000s\000e\000t\000.\000h}{chapter.5}% 244
\BOOKMARK [1][-]{section.5.56}{\376\377\0005\000.\0005\0006\000\040\000/\000z\000f\000s\0006\0000\000/\000n\000o\000b\000a\000c\000k\000u\000p\000/\000s\000t\000i\000p\000a\000/\000s\000o\000f\000t\000w\000a\000r\000e\000/\000T\000O\000S\000C\000A\000/\000s\000r\000c\000/\000i\000n\000c\000l\000u\000d\000e\000/\000p\000e\000q\000n\000.\000h\000\040\000F\000i\000l\000e\000\040\000R\000e\000f\000e\000r\000e\000n\000c\000e}{chapter.5}% 245
\BOOKMARK [2][-]{subsection.5.56.1}{\376\377\0005\000.\0005\0006\000.\0001\000\040\000D\000e\000t\000a\000i\000l\000e\000d\000\040\000D\000e\000s\000c\000r\000i\000p\000t\000i\000o\000n}{section.5.56}% 246
\BOOKMARK [1][-]{section.5.57}{\376\377\0005\000.\0005\0007\000\040\000p\000e\000q\000n\000.\000h}{chapter.5}% 247
\BOOKMARK [1][-]{section.5.58}{\376\377\0005\000.\0005\0008\000\040\000/\000z\000f\000s\0006\0000\000/\000n\000o\000b\000a\000c\000k\000u\000p\000/\000s\000t\000i\000p\000a\000/\000s\000o\000f\000t\000w\000a\000r\000e\000/\000T\000O\000S\000C\000A\000/\000s\000r\000c\000/\000i\000n\000c\000l\000u\000d\000e\000/\000p\000r\000e\000c\000u\000r\000s\000o\000r\000.\000h\000\040\000F\000i\000l\000e\000\040\000R\000e\000f\000e\000r\000e\000n\000c\000e}{chapter.5}% 248
\BOOKMARK [2][-]{subsection.5.58.1}{\376\377\0005\000.\0005\0008\000.\0001\000\040\000D\000e\000t\000a\000i\000l\000e\000d\000\040\000D\000e\000s\000c\000r\000i\000p\000t\000i\000o\000n}{section.5.58}% 249
\BOOKMARK [1][-]{section.5.59}{\376\377\0005\000.\0005\0009\000\040\000p\000r\000e\000c\000u\000r\000s\000o\000r\000.\000h}{chapter.5}% 250
\BOOKMARK [1][-]{section.5.60}{\376\377\0005\000.\0006\0000\000\040\000/\000z\000f\000s\0006\0000\000/\000n\000o\000b\000a\000c\000k\000u\000p\000/\000s\000t\000i\000p\000a\000/\000s\000o\000f\000t\000w\000a\000r\000e\000/\000T\000O\000S\000C\000A\000/\000s\000r\000c\000/\000i\000n\000c\000l\000u\000d\000e\000/\000t\000e\000q\000n\000.\000h\000\040\000F\000i\000l\000e\000\040\000R\000e\000f\000e\000r\000e\000n\000c\000e}{chapter.5}% 251
\BOOKMARK [2][-]{subsection.5.60.1}{\376\377\0005\000.\0006\0000\000.\0001\000\040\000D\000e\000t\000a\000i\000l\000e\000d\000\040\000D\000e\000s\000c\000r\000i\000p\000t\000i\000o\000n}{section.5.60}% 252
\BOOKMARK [1][-]{section.5.61}{\376\377\0005\000.\0006\0001\000\040\000t\000e\000q\000n\000.\000h}{chapter.5}% 253
\BOOKMARK [1][-]{section.5.62}{\376\377\0005\000.\0006\0002\000\040\000/\000z\000f\000s\0006\0000\000/\000n\000o\000b\000a\000c\000k\000u\000p\000/\000s\000t\000i\000p\000a\000/\000s\000o\000f\000t\000w\000a\000r\000e\000/\000T\000O\000S\000C\000A\000/\000s\000r\000c\000/\000i\000n\000c\000l\000u\000d\000e\000/\000t\000o\000s\000c\000a\0002\000P\000V\000.\000h\000\040\000F\000i\000l\000e\000\040\000R\000e\000f\000e\000r\000e\000n\000c\000e}{chapter.5}% 254
\BOOKMARK [2][-]{subsection.5.62.1}{\376\377\0005\000.\0006\0002\000.\0001\000\040\000D\000e\000t\000a\000i\000l\000e\000d\000\040\000D\000e\000s\000c\000r\000i\000p\000t\000i\000o\000n}{section.5.62}% 255
\BOOKMARK [2][-]{subsection.5.62.2}{\376\377\0005\000.\0006\0002\000.\0002\000\040\000F\000u\000n\000c\000t\000i\000o\000n\000\040\000D\000o\000c\000u\000m\000e\000n\000t\000a\000t\000i\000o\000n}{section.5.62}% 256
\BOOKMARK [3][-]{subsubsection.5.62.2.1}{\376\377\0005\000.\0006\0002\000.\0002\000.\0001\000\040\000g\000e\000t\000T\000i\000m\000e\000L\000i\000s\000t\000\050\000\051}{subsection.5.62.2}% 257
\BOOKMARK [1][-]{section.5.63}{\376\377\0005\000.\0006\0003\000\040\000t\000o\000s\000c\000a\0002\000P\000V\000.\000h}{chapter.5}% 258
\BOOKMARK [1][-]{section.5.64}{\376\377\0005\000.\0006\0004\000\040\000/\000z\000f\000s\0006\0000\000/\000n\000o\000b\000a\000c\000k\000u\000p\000/\000s\000t\000i\000p\000a\000/\000s\000o\000f\000t\000w\000a\000r\000e\000/\000T\000O\000S\000C\000A\000/\000s\000r\000c\000/\000i\000n\000c\000l\000u\000d\000e\000/\000t\000u\000r\000b\000i\000n\000e\000s\000.\000h\000\040\000F\000i\000l\000e\000\040\000R\000e\000f\000e\000r\000e\000n\000c\000e}{chapter.5}% 259
\BOOKMARK [2][-]{subsection.5.64.1}{\376\377\0005\000.\0006\0004\000.\0001\000\040\000D\000e\000t\000a\000i\000l\000e\000d\000\040\000D\000e\000s\000c\000r\000i\000p\000t\000i\000o\000n}{section.5.64}% 260
\BOOKMARK [1][-]{section.5.65}{\376\377\0005\000.\0006\0005\000\040\000t\000u\000r\000b\000i\000n\000e\000s\000.\000h}{chapter.5}% 261
\BOOKMARK [1][-]{section.5.66}{\376\377\0005\000.\0006\0006\000\040\000/\000z\000f\000s\0006\0000\000/\000n\000o\000b\000a\000c\000k\000u\000p\000/\000s\000t\000i\000p\000a\000/\000s\000o\000f\000t\000w\000a\000r\000e\000/\000T\000O\000S\000C\000A\000/\000s\000r\000c\000/\000i\000n\000c\000l\000u\000d\000e\000/\000u\000e\000q\000n\000.\000h\000\040\000F\000i\000l\000e\000\040\000R\000e\000f\000e\000r\000e\000n\000c\000e}{chapter.5}% 262
\BOOKMARK [2][-]{subsection.5.66.1}{\376\377\0005\000.\0006\0006\000.\0001\000\040\000D\000e\000t\000a\000i\000l\000e\000d\000\040\000D\000e\000s\000c\000r\000i\000p\000t\000i\000o\000n}{section.5.66}% 263
\BOOKMARK [1][-]{section.5.67}{\376\377\0005\000.\0006\0007\000\040\000u\000e\000q\000n\000.\000h}{chapter.5}% 264
\BOOKMARK [1][-]{section.5.68}{\376\377\0005\000.\0006\0008\000\040\000/\000z\000f\000s\0006\0000\000/\000n\000o\000b\000a\000c\000k\000u\000p\000/\000s\000t\000i\000p\000a\000/\000s\000o\000f\000t\000w\000a\000r\000e\000/\000T\000O\000S\000C\000A\000/\000s\000r\000c\000/\000i\000n\000c\000l\000u\000d\000e\000/\000w\000a\000l\000l\000f\000u\000n\000c\000t\000i\000o\000n\000s\000.\000h\000\040\000F\000i\000l\000e\000\040\000R\000e\000f\000e\000r\000e\000n\000c\000e}{chapter.5}% 265
\BOOKMARK [2][-]{subsection.5.68.1}{\376\377\0005\000.\0006\0008\000.\0001\000\040\000D\000e\000t\000a\000i\000l\000e\000d\000\040\000D\000e\000s\000c\000r\000i\000p\000t\000i\000o\000n}{section.5.68}% 266
\BOOKMARK [1][-]{section.5.69}{\376\377\0005\000.\0006\0009\000\040\000w\000a\000l\000l\000f\000u\000n\000c\000t\000i\000o\000n\000s\000.\000h}{chapter.5}% 267
\BOOKMARK [1][-]{section.5.70}{\376\377\0005\000.\0007\0000\000\040\000/\000z\000f\000s\0006\0000\000/\000n\000o\000b\000a\000c\000k\000u\000p\000/\000s\000t\000i\000p\000a\000/\000s\000o\000f\000t\000w\000a\000r\000e\000/\000T\000O\000S\000C\000A\000/\000s\000r\000c\000/\000i\000n\000c\000l\000u\000d\000e\000/\000w\000a\000l\000l\000m\000o\000d\000e\000l\000.\000h\000\040\000F\000i\000l\000e\000\040\000R\000e\000f\000e\000r\000e\000n\000c\000e}{chapter.5}% 268
\BOOKMARK [2][-]{subsection.5.70.1}{\376\377\0005\000.\0007\0000\000.\0001\000\040\000D\000e\000t\000a\000i\000l\000e\000d\000\040\000D\000e\000s\000c\000r\000i\000p\000t\000i\000o\000n}{section.5.70}% 269
\BOOKMARK [1][-]{section.5.71}{\376\377\0005\000.\0007\0001\000\040\000w\000a\000l\000l\000m\000o\000d\000e\000l\000.\000h}{chapter.5}% 270
\BOOKMARK [1][-]{section.5.72}{\376\377\0005\000.\0007\0002\000\040\000/\000z\000f\000s\0006\0000\000/\000n\000o\000b\000a\000c\000k\000u\000p\000/\000s\000t\000i\000p\000a\000/\000s\000o\000f\000t\000w\000a\000r\000e\000/\000T\000O\000S\000C\000A\000/\000s\000r\000c\000/\000i\000n\000i\000t\000i\000a\000l\000F\000i\000e\000l\000d\000.\000c\000\040\000F\000i\000l\000e\000\040\000R\000e\000f\000e\000r\000e\000n\000c\000e}{chapter.5}% 271
\BOOKMARK [2][-]{subsection.5.72.1}{\376\377\0005\000.\0007\0002\000.\0001\000\040\000D\000e\000t\000a\000i\000l\000e\000d\000\040\000D\000e\000s\000c\000r\000i\000p\000t\000i\000o\000n}{section.5.72}% 272
\BOOKMARK [2][-]{subsection.5.72.2}{\376\377\0005\000.\0007\0002\000.\0002\000\040\000F\000u\000n\000c\000t\000i\000o\000n\000\040\000D\000o\000c\000u\000m\000e\000n\000t\000a\000t\000i\000o\000n}{section.5.72}% 273
\BOOKMARK [3][-]{subsubsection.5.72.2.1}{\376\377\0005\000.\0007\0002\000.\0002\000.\0001\000\040\000S\000e\000t\000I\000n\000i\000t\000i\000a\000l\000F\000i\000e\000l\000d\000\050\000\051}{subsection.5.72.2}% 274
\BOOKMARK [1][-]{section.5.73}{\376\377\0005\000.\0007\0003\000\040\000/\000z\000f\000s\0006\0000\000/\000n\000o\000b\000a\000c\000k\000u\000p\000/\000s\000t\000i\000p\000a\000/\000s\000o\000f\000t\000w\000a\000r\000e\000/\000T\000O\000S\000C\000A\000/\000s\000r\000c\000/\000i\000n\000i\000t\000i\000a\000l\000i\000z\000a\000t\000i\000o\000n\000.\000c\000\040\000F\000i\000l\000e\000\040\000R\000e\000f\000e\000r\000e\000n\000c\000e}{chapter.5}% 275
\BOOKMARK [2][-]{subsection.5.73.1}{\376\377\0005\000.\0007\0003\000.\0001\000\040\000D\000e\000t\000a\000i\000l\000e\000d\000\040\000D\000e\000s\000c\000r\000i\000p\000t\000i\000o\000n}{section.5.73}% 276
\BOOKMARK [2][-]{subsection.5.73.2}{\376\377\0005\000.\0007\0003\000.\0002\000\040\000F\000u\000n\000c\000t\000i\000o\000n\000\040\000D\000o\000c\000u\000m\000e\000n\000t\000a\000t\000i\000o\000n}{section.5.73}% 277
\BOOKMARK [3][-]{subsubsection.5.73.2.1}{\376\377\0005\000.\0007\0003\000.\0002\000.\0001\000\040\000s\000i\000m\000u\000l\000a\000t\000i\000o\000n\000I\000n\000i\000t\000i\000a\000l\000i\000z\000e\000\050\000\051}{subsection.5.73.2}% 278
\BOOKMARK [1][-]{section.5.74}{\376\377\0005\000.\0007\0004\000\040\000/\000z\000f\000s\0006\0000\000/\000n\000o\000b\000a\000c\000k\000u\000p\000/\000s\000t\000i\000p\000a\000/\000s\000o\000f\000t\000w\000a\000r\000e\000/\000T\000O\000S\000C\000A\000/\000s\000r\000c\000/\000i\000o\000.\000c\000\040\000F\000i\000l\000e\000\040\000R\000e\000f\000e\000r\000e\000n\000c\000e}{chapter.5}% 279
\BOOKMARK [2][-]{subsection.5.74.1}{\376\377\0005\000.\0007\0004\000.\0001\000\040\000D\000e\000t\000a\000i\000l\000e\000d\000\040\000D\000e\000s\000c\000r\000i\000p\000t\000i\000o\000n}{section.5.74}% 280
\BOOKMARK [2][-]{subsection.5.74.2}{\376\377\0005\000.\0007\0004\000.\0002\000\040\000F\000u\000n\000c\000t\000i\000o\000n\000\040\000D\000o\000c\000u\000m\000e\000n\000t\000a\000t\000i\000o\000n}{section.5.74}% 281
\BOOKMARK [3][-]{subsubsection.5.74.2.1}{\376\377\0005\000.\0007\0004\000.\0002\000.\0001\000\040\000g\000e\000t\000T\000i\000m\000e\000L\000i\000s\000t\000\050\000\051}{subsection.5.74.2}% 282
\BOOKMARK [1][-]{section.5.75}{\376\377\0005\000.\0007\0005\000\040\000/\000z\000f\000s\0006\0000\000/\000n\000o\000b\000a\000c\000k\000u\000p\000/\000s\000t\000i\000p\000a\000/\000s\000o\000f\000t\000w\000a\000r\000e\000/\000T\000O\000S\000C\000A\000/\000s\000r\000c\000/\000l\000e\000s\000.\000c\000\040\000F\000i\000l\000e\000\040\000R\000e\000f\000e\000r\000e\000n\000c\000e}{chapter.5}% 283
\BOOKMARK [2][-]{subsection.5.75.1}{\376\377\0005\000.\0007\0005\000.\0001\000\040\000D\000e\000t\000a\000i\000l\000e\000d\000\040\000D\000e\000s\000c\000r\000i\000p\000t\000i\000o\000n}{section.5.75}% 284
\BOOKMARK [2][-]{subsection.5.75.2}{\376\377\0005\000.\0007\0005\000.\0002\000\040\000F\000u\000n\000c\000t\000i\000o\000n\000\040\000D\000o\000c\000u\000m\000e\000n\000t\000a\000t\000i\000o\000n}{section.5.75}% 285
\BOOKMARK [3][-]{subsubsection.5.75.2.1}{\376\377\0005\000.\0007\0005\000.\0002\000.\0001\000\040\000U\000p\000d\000a\000t\000e\000C\000s\000\050\000\051}{subsection.5.75.2}% 286
\BOOKMARK [1][-]{section.5.76}{\376\377\0005\000.\0007\0006\000\040\000/\000z\000f\000s\0006\0000\000/\000n\000o\000b\000a\000c\000k\000u\000p\000/\000s\000t\000i\000p\000a\000/\000s\000o\000f\000t\000w\000a\000r\000e\000/\000T\000O\000S\000C\000A\000/\000s\000r\000c\000/\000m\000e\000s\000h\000.\000c\000\040\000F\000i\000l\000e\000\040\000R\000e\000f\000e\000r\000e\000n\000c\000e}{chapter.5}% 287
\BOOKMARK [2][-]{subsection.5.76.1}{\376\377\0005\000.\0007\0006\000.\0001\000\040\000D\000e\000t\000a\000i\000l\000e\000d\000\040\000D\000e\000s\000c\000r\000i\000p\000t\000i\000o\000n}{section.5.76}% 288
\BOOKMARK [1][-]{section.5.77}{\376\377\0005\000.\0007\0007\000\040\000/\000z\000f\000s\0006\0000\000/\000n\000o\000b\000a\000c\000k\000u\000p\000/\000s\000t\000i\000p\000a\000/\000s\000o\000f\000t\000w\000a\000r\000e\000/\000T\000O\000S\000C\000A\000/\000s\000r\000c\000/\000o\000v\000e\000r\000s\000e\000t\000.\000c\000\040\000F\000i\000l\000e\000\040\000R\000e\000f\000e\000r\000e\000n\000c\000e}{chapter.5}% 289
\BOOKMARK [2][-]{subsection.5.77.1}{\376\377\0005\000.\0007\0007\000.\0001\000\040\000D\000e\000t\000a\000i\000l\000e\000d\000\040\000D\000e\000s\000c\000r\000i\000p\000t\000i\000o\000n}{section.5.77}% 290
\BOOKMARK [1][-]{section.5.78}{\376\377\0005\000.\0007\0008\000\040\000/\000z\000f\000s\0006\0000\000/\000n\000o\000b\000a\000c\000k\000u\000p\000/\000s\000t\000i\000p\000a\000/\000s\000o\000f\000t\000w\000a\000r\000e\000/\000T\000O\000S\000C\000A\000/\000s\000r\000c\000/\000p\000e\000q\000n\000.\000c\000\040\000F\000i\000l\000e\000\040\000R\000e\000f\000e\000r\000e\000n\000c\000e}{chapter.5}% 291
\BOOKMARK [2][-]{subsection.5.78.1}{\376\377\0005\000.\0007\0008\000.\0001\000\040\000D\000e\000t\000a\000i\000l\000e\000d\000\040\000D\000e\000s\000c\000r\000i\000p\000t\000i\000o\000n}{section.5.78}% 292
\BOOKMARK [2][-]{subsection.5.78.2}{\376\377\0005\000.\0007\0008\000.\0002\000\040\000M\000a\000c\000r\000o\000\040\000D\000e\000f\000i\000n\000i\000t\000i\000o\000n\000\040\000D\000o\000c\000u\000m\000e\000n\000t\000a\000t\000i\000o\000n}{section.5.78}% 293
\BOOKMARK [3][-]{subsubsection.5.78.2.1}{\376\377\0005\000.\0007\0008\000.\0002\000.\0001\000\040\000m\000a\000t\000I\000D}{subsection.5.78.2}% 294
\BOOKMARK [1][-]{section.5.79}{\376\377\0005\000.\0007\0009\000\040\000/\000z\000f\000s\0006\0000\000/\000n\000o\000b\000a\000c\000k\000u\000p\000/\000s\000t\000i\000p\000a\000/\000s\000o\000f\000t\000w\000a\000r\000e\000/\000T\000O\000S\000C\000A\000/\000s\000r\000c\000/\000p\000r\000e\000c\000u\000r\000s\000o\000r\000.\000c\000\040\000F\000i\000l\000e\000\040\000R\000e\000f\000e\000r\000e\000n\000c\000e}{chapter.5}% 295
\BOOKMARK [2][-]{subsection.5.79.1}{\376\377\0005\000.\0007\0009\000.\0001\000\040\000D\000e\000t\000a\000i\000l\000e\000d\000\040\000D\000e\000s\000c\000r\000i\000p\000t\000i\000o\000n}{section.5.79}% 296
\BOOKMARK [1][-]{section.5.80}{\376\377\0005\000.\0008\0000\000\040\000/\000z\000f\000s\0006\0000\000/\000n\000o\000b\000a\000c\000k\000u\000p\000/\000s\000t\000i\000p\000a\000/\000s\000o\000f\000t\000w\000a\000r\000e\000/\000T\000O\000S\000C\000A\000/\000s\000r\000c\000/\000s\000o\000l\000v\000e\000r\000s\000/\000t\000e\000q\000n\000\137\000s\000o\000l\000v\000e\000r\000s\000.\000c\000\040\000F\000i\000l\000e\000\040\000R\000e\000f\000e\000r\000e\000n\000c\000e}{chapter.5}% 297
\BOOKMARK [2][-]{subsection.5.80.1}{\376\377\0005\000.\0008\0000\000.\0001\000\040\000D\000e\000t\000a\000i\000l\000e\000d\000\040\000D\000e\000s\000c\000r\000i\000p\000t\000i\000o\000n}{section.5.80}% 298
\BOOKMARK [1][-]{section.5.81}{\376\377\0005\000.\0008\0001\000\040\000/\000z\000f\000s\0006\0000\000/\000n\000o\000b\000a\000c\000k\000u\000p\000/\000s\000t\000i\000p\000a\000/\000s\000o\000f\000t\000w\000a\000r\000e\000/\000T\000O\000S\000C\000A\000/\000s\000r\000c\000/\000s\000o\000l\000v\000e\000r\000s\000/\000t\000e\000q\000n\000\137\000s\000o\000l\000v\000e\000r\000s\000.\000h\000\040\000F\000i\000l\000e\000\040\000R\000e\000f\000e\000r\000e\000n\000c\000e}{chapter.5}% 299
\BOOKMARK [2][-]{subsection.5.81.1}{\376\377\0005\000.\0008\0001\000.\0001\000\040\000D\000e\000t\000a\000i\000l\000e\000d\000\040\000D\000e\000s\000c\000r\000i\000p\000t\000i\000o\000n}{section.5.81}% 300
\BOOKMARK [1][-]{section.5.82}{\376\377\0005\000.\0008\0002\000\040\000t\000e\000q\000n\000\137\000s\000o\000l\000v\000e\000r\000s\000.\000h}{chapter.5}% 301
\BOOKMARK [1][-]{section.5.83}{\376\377\0005\000.\0008\0003\000\040\000/\000z\000f\000s\0006\0000\000/\000n\000o\000b\000a\000c\000k\000u\000p\000/\000s\000t\000i\000p\000a\000/\000s\000o\000f\000t\000w\000a\000r\000e\000/\000T\000O\000S\000C\000A\000/\000s\000r\000c\000/\000s\000o\000l\000v\000e\000r\000s\000/\000u\000e\000q\000n\000\137\000s\000o\000l\000v\000e\000r\000s\000.\000c\000\040\000F\000i\000l\000e\000\040\000R\000e\000f\000e\000r\000e\000n\000c\000e}{chapter.5}% 302
\BOOKMARK [2][-]{subsection.5.83.1}{\376\377\0005\000.\0008\0003\000.\0001\000\040\000D\000e\000t\000a\000i\000l\000e\000d\000\040\000D\000e\000s\000c\000r\000i\000p\000t\000i\000o\000n}{section.5.83}% 303
\BOOKMARK [1][-]{section.5.84}{\376\377\0005\000.\0008\0004\000\040\000/\000z\000f\000s\0006\0000\000/\000n\000o\000b\000a\000c\000k\000u\000p\000/\000s\000t\000i\000p\000a\000/\000s\000o\000f\000t\000w\000a\000r\000e\000/\000T\000O\000S\000C\000A\000/\000s\000r\000c\000/\000s\000o\000l\000v\000e\000r\000s\000/\000u\000e\000q\000n\000\137\000s\000o\000l\000v\000e\000r\000s\000.\000h\000\040\000F\000i\000l\000e\000\040\000R\000e\000f\000e\000r\000e\000n\000c\000e}{chapter.5}% 304
\BOOKMARK [2][-]{subsection.5.84.1}{\376\377\0005\000.\0008\0004\000.\0001\000\040\000D\000e\000t\000a\000i\000l\000e\000d\000\040\000D\000e\000s\000c\000r\000i\000p\000t\000i\000o\000n}{section.5.84}% 305
\BOOKMARK [1][-]{section.5.85}{\376\377\0005\000.\0008\0005\000\040\000u\000e\000q\000n\000\137\000s\000o\000l\000v\000e\000r\000s\000.\000h}{chapter.5}% 306
\BOOKMARK [1][-]{section.5.86}{\376\377\0005\000.\0008\0006\000\040\000/\000z\000f\000s\0006\0000\000/\000n\000o\000b\000a\000c\000k\000u\000p\000/\000s\000t\000i\000p\000a\000/\000s\000o\000f\000t\000w\000a\000r\000e\000/\000T\000O\000S\000C\000A\000/\000s\000r\000c\000/\000s\000o\000u\000r\000c\000e\000s\000/\000t\000e\000q\000n\000\137\000s\000o\000u\000r\000c\000e\000s\000.\000c\000\040\000F\000i\000l\000e\000\040\000R\000e\000f\000e\000r\000e\000n\000c\000e}{chapter.5}% 307
\BOOKMARK [2][-]{subsection.5.86.1}{\376\377\0005\000.\0008\0006\000.\0001\000\040\000D\000e\000t\000a\000i\000l\000e\000d\000\040\000D\000e\000s\000c\000r\000i\000p\000t\000i\000o\000n}{section.5.86}% 308
\BOOKMARK [1][-]{section.5.87}{\376\377\0005\000.\0008\0007\000\040\000/\000z\000f\000s\0006\0000\000/\000n\000o\000b\000a\000c\000k\000u\000p\000/\000s\000t\000i\000p\000a\000/\000s\000o\000f\000t\000w\000a\000r\000e\000/\000T\000O\000S\000C\000A\000/\000s\000r\000c\000/\000s\000o\000u\000r\000c\000e\000s\000/\000t\000e\000q\000n\000\137\000s\000o\000u\000r\000c\000e\000s\000.\000h\000\040\000F\000i\000l\000e\000\040\000R\000e\000f\000e\000r\000e\000n\000c\000e}{chapter.5}% 309
\BOOKMARK [2][-]{subsection.5.87.1}{\376\377\0005\000.\0008\0007\000.\0001\000\040\000D\000e\000t\000a\000i\000l\000e\000d\000\040\000D\000e\000s\000c\000r\000i\000p\000t\000i\000o\000n}{section.5.87}% 310
\BOOKMARK [1][-]{section.5.88}{\376\377\0005\000.\0008\0008\000\040\000t\000e\000q\000n\000\137\000s\000o\000u\000r\000c\000e\000s\000.\000h}{chapter.5}% 311
\BOOKMARK [1][-]{section.5.89}{\376\377\0005\000.\0008\0009\000\040\000/\000z\000f\000s\0006\0000\000/\000n\000o\000b\000a\000c\000k\000u\000p\000/\000s\000t\000i\000p\000a\000/\000s\000o\000f\000t\000w\000a\000r\000e\000/\000T\000O\000S\000C\000A\000/\000s\000r\000c\000/\000s\000o\000u\000r\000c\000e\000s\000/\000u\000e\000q\000n\000\137\000s\000o\000u\000r\000c\000e\000s\000.\000c\000\040\000F\000i\000l\000e\000\040\000R\000e\000f\000e\000r\000e\000n\000c\000e}{chapter.5}% 312
\BOOKMARK [2][-]{subsection.5.89.1}{\376\377\0005\000.\0008\0009\000.\0001\000\040\000D\000e\000t\000a\000i\000l\000e\000d\000\040\000D\000e\000s\000c\000r\000i\000p\000t\000i\000o\000n}{section.5.89}% 313
\BOOKMARK [1][-]{section.5.90}{\376\377\0005\000.\0009\0000\000\040\000/\000z\000f\000s\0006\0000\000/\000n\000o\000b\000a\000c\000k\000u\000p\000/\000s\000t\000i\000p\000a\000/\000s\000o\000f\000t\000w\000a\000r\000e\000/\000T\000O\000S\000C\000A\000/\000s\000r\000c\000/\000s\000o\000u\000r\000c\000e\000s\000/\000u\000e\000q\000n\000\137\000s\000o\000u\000r\000c\000e\000s\000.\000h\000\040\000F\000i\000l\000e\000\040\000R\000e\000f\000e\000r\000e\000n\000c\000e}{chapter.5}% 314
\BOOKMARK [2][-]{subsection.5.90.1}{\376\377\0005\000.\0009\0000\000.\0001\000\040\000D\000e\000t\000a\000i\000l\000e\000d\000\040\000D\000e\000s\000c\000r\000i\000p\000t\000i\000o\000n}{section.5.90}% 315
\BOOKMARK [1][-]{section.5.91}{\376\377\0005\000.\0009\0001\000\040\000u\000e\000q\000n\000\137\000s\000o\000u\000r\000c\000e\000s\000.\000h}{chapter.5}% 316
\BOOKMARK [1][-]{section.5.92}{\376\377\0005\000.\0009\0002\000\040\000/\000z\000f\000s\0006\0000\000/\000n\000o\000b\000a\000c\000k\000u\000p\000/\000s\000t\000i\000p\000a\000/\000s\000o\000f\000t\000w\000a\000r\000e\000/\000T\000O\000S\000C\000A\000/\000s\000r\000c\000/\000t\000e\000q\000n\000.\000c\000\040\000F\000i\000l\000e\000\040\000R\000e\000f\000e\000r\000e\000n\000c\000e}{chapter.5}% 317
\BOOKMARK [2][-]{subsection.5.92.1}{\376\377\0005\000.\0009\0002\000.\0001\000\040\000D\000e\000t\000a\000i\000l\000e\000d\000\040\000D\000e\000s\000c\000r\000i\000p\000t\000i\000o\000n}{section.5.92}% 318
\BOOKMARK [1][-]{section.5.93}{\376\377\0005\000.\0009\0003\000\040\000/\000z\000f\000s\0006\0000\000/\000n\000o\000b\000a\000c\000k\000u\000p\000/\000s\000t\000i\000p\000a\000/\000s\000o\000f\000t\000w\000a\000r\000e\000/\000T\000O\000S\000C\000A\000/\000s\000r\000c\000/\000t\000u\000r\000b\000i\000n\000e\000s\000.\000c\000\040\000F\000i\000l\000e\000\040\000R\000e\000f\000e\000r\000e\000n\000c\000e}{chapter.5}% 319
\BOOKMARK [2][-]{subsection.5.93.1}{\376\377\0005\000.\0009\0003\000.\0001\000\040\000D\000e\000t\000a\000i\000l\000e\000d\000\040\000D\000e\000s\000c\000r\000i\000p\000t\000i\000o\000n}{section.5.93}% 320
\BOOKMARK [1][-]{section.5.94}{\376\377\0005\000.\0009\0004\000\040\000/\000z\000f\000s\0006\0000\000/\000n\000o\000b\000a\000c\000k\000u\000p\000/\000s\000t\000i\000p\000a\000/\000s\000o\000f\000t\000w\000a\000r\000e\000/\000T\000O\000S\000C\000A\000/\000s\000r\000c\000/\000t\000u\000r\000b\000i\000n\000e\000s\000/\000t\000u\000r\000b\000i\000n\000e\000s\000\137\000f\000o\000r\000c\000e\000.\000h\000\040\000F\000i\000l\000e\000\040\000R\000e\000f\000e\000r\000e\000n\000c\000e}{chapter.5}% 321
\BOOKMARK [2][-]{subsection.5.94.1}{\376\377\0005\000.\0009\0004\000.\0001\000\040\000D\000e\000t\000a\000i\000l\000e\000d\000\040\000D\000e\000s\000c\000r\000i\000p\000t\000i\000o\000n}{section.5.94}% 322
\BOOKMARK [1][-]{section.5.95}{\376\377\0005\000.\0009\0005\000\040\000t\000u\000r\000b\000i\000n\000e\000s\000\137\000f\000o\000r\000c\000e\000.\000h}{chapter.5}% 323
\BOOKMARK [1][-]{section.5.96}{\376\377\0005\000.\0009\0006\000\040\000/\000z\000f\000s\0006\0000\000/\000n\000o\000b\000a\000c\000k\000u\000p\000/\000s\000t\000i\000p\000a\000/\000s\000o\000f\000t\000w\000a\000r\000e\000/\000T\000O\000S\000C\000A\000/\000s\000r\000c\000/\000t\000u\000r\000b\000i\000n\000e\000s\000/\000t\000u\000r\000b\000i\000n\000e\000s\000\137\000i\000o\000.\000h\000\040\000F\000i\000l\000e\000\040\000R\000e\000f\000e\000r\000e\000n\000c\000e}{chapter.5}% 324
\BOOKMARK [2][-]{subsection.5.96.1}{\376\377\0005\000.\0009\0006\000.\0001\000\040\000D\000e\000t\000a\000i\000l\000e\000d\000\040\000D\000e\000s\000c\000r\000i\000p\000t\000i\000o\000n}{section.5.96}% 325
\BOOKMARK [1][-]{section.5.97}{\376\377\0005\000.\0009\0007\000\040\000t\000u\000r\000b\000i\000n\000e\000s\000\137\000i\000o\000.\000h}{chapter.5}% 326
\BOOKMARK [1][-]{section.5.98}{\376\377\0005\000.\0009\0008\000\040\000/\000z\000f\000s\0006\0000\000/\000n\000o\000b\000a\000c\000k\000u\000p\000/\000s\000t\000i\000p\000a\000/\000s\000o\000f\000t\000w\000a\000r\000e\000/\000T\000O\000S\000C\000A\000/\000s\000r\000c\000/\000t\000u\000r\000b\000i\000n\000e\000s\000/\000t\000u\000r\000b\000i\000n\000e\000s\000\137\000o\000p\000e\000n\000f\000a\000s\000t\000.\000h\000\040\000F\000i\000l\000e\000\040\000R\000e\000f\000e\000r\000e\000n\000c\000e}{chapter.5}% 327
\BOOKMARK [1][-]{section.5.99}{\376\377\0005\000.\0009\0009\000\040\000t\000u\000r\000b\000i\000n\000e\000s\000\137\000o\000p\000e\000n\000f\000a\000s\000t\000.\000h}{chapter.5}% 328
\BOOKMARK [1][-]{section.5.100}{\376\377\0005\000.\0001\0000\0000\000\040\000/\000z\000f\000s\0006\0000\000/\000n\000o\000b\000a\000c\000k\000u\000p\000/\000s\000t\000i\000p\000a\000/\000s\000o\000f\000t\000w\000a\000r\000e\000/\000T\000O\000S\000C\000A\000/\000s\000r\000c\000/\000t\000u\000r\000b\000i\000n\000e\000s\000/\000t\000u\000r\000b\000i\000n\000e\000s\000\137\000p\000a\000r\000a\000l\000l\000e\000l\000.\000h\000\040\000F\000i\000l\000e\000\040\000R\000e\000f\000e\000r\000e\000n\000c\000e}{chapter.5}% 329
\BOOKMARK [2][-]{subsection.5.100.1}{\376\377\0005\000.\0001\0000\0000\000.\0001\000\040\000D\000e\000t\000a\000i\000l\000e\000d\000\040\000D\000e\000s\000c\000r\000i\000p\000t\000i\000o\000n}{section.5.100}% 330
\BOOKMARK [1][-]{section.5.101}{\376\377\0005\000.\0001\0000\0001\000\040\000t\000u\000r\000b\000i\000n\000e\000s\000\137\000p\000a\000r\000a\000l\000l\000e\000l\000.\000h}{chapter.5}% 331
\BOOKMARK [1][-]{section.5.102}{\376\377\0005\000.\0001\0000\0002\000\040\000/\000z\000f\000s\0006\0000\000/\000n\000o\000b\000a\000c\000k\000u\000p\000/\000s\000t\000i\000p\000a\000/\000s\000o\000f\000t\000w\000a\000r\000e\000/\000T\000O\000S\000C\000A\000/\000s\000r\000c\000/\000t\000u\000r\000b\000i\000n\000e\000s\000/\000t\000u\000r\000b\000i\000n\000e\000s\000\137\000p\000h\000y\000s\000.\000h\000\040\000F\000i\000l\000e\000\040\000R\000e\000f\000e\000r\000e\000n\000c\000e}{chapter.5}% 332
\BOOKMARK [2][-]{subsection.5.102.1}{\376\377\0005\000.\0001\0000\0002\000.\0001\000\040\000D\000e\000t\000a\000i\000l\000e\000d\000\040\000D\000e\000s\000c\000r\000i\000p\000t\000i\000o\000n}{section.5.102}% 333
\BOOKMARK [1][-]{section.5.103}{\376\377\0005\000.\0001\0000\0003\000\040\000t\000u\000r\000b\000i\000n\000e\000s\000\137\000p\000h\000y\000s\000.\000h}{chapter.5}% 334
\BOOKMARK [1][-]{section.5.104}{\376\377\0005\000.\0001\0000\0004\000\040\000/\000z\000f\000s\0006\0000\000/\000n\000o\000b\000a\000c\000k\000u\000p\000/\000s\000t\000i\000p\000a\000/\000s\000o\000f\000t\000w\000a\000r\000e\000/\000T\000O\000S\000C\000A\000/\000s\000r\000c\000/\000t\000u\000r\000b\000i\000n\000e\000s\000/\000t\000u\000r\000b\000i\000n\000e\000s\000\137\000s\000a\000m\000p\000l\000i\000n\000g\000.\000h\000\040\000F\000i\000l\000e\000\040\000R\000e\000f\000e\000r\000e\000n\000c\000e}{chapter.5}% 335
\BOOKMARK [2][-]{subsection.5.104.1}{\376\377\0005\000.\0001\0000\0004\000.\0001\000\040\000D\000e\000t\000a\000i\000l\000e\000d\000\040\000D\000e\000s\000c\000r\000i\000p\000t\000i\000o\000n}{section.5.104}% 336
\BOOKMARK [1][-]{section.5.105}{\376\377\0005\000.\0001\0000\0005\000\040\000t\000u\000r\000b\000i\000n\000e\000s\000\137\000s\000a\000m\000p\000l\000i\000n\000g\000.\000h}{chapter.5}% 337
\BOOKMARK [1][-]{section.5.106}{\376\377\0005\000.\0001\0000\0006\000\040\000/\000z\000f\000s\0006\0000\000/\000n\000o\000b\000a\000c\000k\000u\000p\000/\000s\000t\000i\000p\000a\000/\000s\000o\000f\000t\000w\000a\000r\000e\000/\000T\000O\000S\000C\000A\000/\000s\000r\000c\000/\000u\000e\000q\000n\000.\000c\000\040\000F\000i\000l\000e\000\040\000R\000e\000f\000e\000r\000e\000n\000c\000e}{chapter.5}% 338
\BOOKMARK [2][-]{subsection.5.106.1}{\376\377\0005\000.\0001\0000\0006\000.\0001\000\040\000D\000e\000t\000a\000i\000l\000e\000d\000\040\000D\000e\000s\000c\000r\000i\000p\000t\000i\000o\000n}{section.5.106}% 339
\BOOKMARK [0][-]{section*.152}{\376\377\000I\000n\000d\000e\000x}{}% 340
